0 info it worked if it ends with ok
1 verbose cli [ '/usr/bin/nodejs',
1 verbose cli   '/usr/bin/npm',
1 verbose cli   'install',
1 verbose cli   '-g',
1 verbose cli   'csv-write-stream' ]
2 info using npm@3.10.8
3 info using node@v6.8.1
4 silly loadCurrentTree Starting
5 silly install loadCurrentTree
6 silly install readGlobalPackageData
7 silly fetchPackageMetaData csv-write-stream
8 silly fetchNamedPackageData csv-write-stream
9 silly mapToRegistry name csv-write-stream
10 silly mapToRegistry using default registry
11 silly mapToRegistry registry https://registry.npmjs.org/
12 silly mapToRegistry data Result {
12 silly mapToRegistry   raw: 'csv-write-stream',
12 silly mapToRegistry   scope: null,
12 silly mapToRegistry   escapedName: 'csv-write-stream',
12 silly mapToRegistry   name: 'csv-write-stream',
12 silly mapToRegistry   rawSpec: '',
12 silly mapToRegistry   spec: 'latest',
12 silly mapToRegistry   type: 'tag' }
13 silly mapToRegistry uri https://registry.npmjs.org/csv-write-stream
14 verbose request uri https://registry.npmjs.org/csv-write-stream
15 verbose request no auth needed
16 info attempt registry request try #1 at 11:18:23 AM
17 verbose request id d0779565d0bf0751
18 verbose etag W/"58717c3a-492b"
19 verbose lastModified Sat, 07 Jan 2017 23:39:38 GMT
20 http request GET https://registry.npmjs.org/csv-write-stream
21 http 304 https://registry.npmjs.org/csv-write-stream
22 verbose headers { date: 'Wed, 18 Jan 2017 08:18:23 GMT',
22 verbose headers   via: '1.1 varnish',
22 verbose headers   'cache-control': 'max-age=300',
22 verbose headers   etag: 'W/"58717c3a-492b"',
22 verbose headers   age: '0',
22 verbose headers   connection: 'keep-alive',
22 verbose headers   'x-served-by': 'cache-fjr7920-FJR',
22 verbose headers   'x-cache': 'MISS',
22 verbose headers   'x-cache-hits': '0',
22 verbose headers   'x-timer': 'S1484727503.999238,VS0,VE124',
22 verbose headers   vary: 'Accept-Encoding' }
23 silly get cb [ 304,
23 silly get   { date: 'Wed, 18 Jan 2017 08:18:23 GMT',
23 silly get     via: '1.1 varnish',
23 silly get     'cache-control': 'max-age=300',
23 silly get     etag: 'W/"58717c3a-492b"',
23 silly get     age: '0',
23 silly get     connection: 'keep-alive',
23 silly get     'x-served-by': 'cache-fjr7920-FJR',
23 silly get     'x-cache': 'MISS',
23 silly get     'x-cache-hits': '0',
23 silly get     'x-timer': 'S1484727503.999238,VS0,VE124',
23 silly get     vary: 'Accept-Encoding' } ]
24 verbose etag https://registry.npmjs.org/csv-write-stream from cache
25 verbose get saving csv-write-stream to /home/hilary/.npm/registry.npmjs.org/csv-write-stream/.cache.json
26 verbose correctMkdir /home/hilary/.npm correctMkdir not in flight; initializing
27 silly install normalizeTree
28 silly loadCurrentTree Finishing
29 silly loadIdealTree Starting
30 silly install loadIdealTree
31 silly cloneCurrentTree Starting
32 silly install cloneCurrentTreeToIdealTree
33 silly cloneCurrentTree Finishing
34 silly loadShrinkwrap Starting
35 silly install loadShrinkwrap
36 silly loadShrinkwrap Finishing
37 silly loadAllDepsIntoIdealTree Starting
38 silly install loadAllDepsIntoIdealTree
39 silly resolveWithNewModule csv-write-stream@2.0.0 checking installable status
40 silly cache add args [ 'csv-write-stream', null ]
41 verbose cache add spec csv-write-stream
42 silly cache add parsed spec Result {
42 silly cache add   raw: 'csv-write-stream',
42 silly cache add   scope: null,
42 silly cache add   escapedName: 'csv-write-stream',
42 silly cache add   name: 'csv-write-stream',
42 silly cache add   rawSpec: '',
42 silly cache add   spec: 'latest',
42 silly cache add   type: 'tag' }
43 silly addNamed csv-write-stream@latest
44 verbose addNamed "latest" is being treated as a dist-tag for csv-write-stream
45 info addNameTag [ 'csv-write-stream', 'latest' ]
46 silly mapToRegistry name csv-write-stream
47 silly mapToRegistry using default registry
48 silly mapToRegistry registry https://registry.npmjs.org/
49 silly mapToRegistry data Result {
49 silly mapToRegistry   raw: 'csv-write-stream',
49 silly mapToRegistry   scope: null,
49 silly mapToRegistry   escapedName: 'csv-write-stream',
49 silly mapToRegistry   name: 'csv-write-stream',
49 silly mapToRegistry   rawSpec: '',
49 silly mapToRegistry   spec: 'latest',
49 silly mapToRegistry   type: 'tag' }
50 silly mapToRegistry uri https://registry.npmjs.org/csv-write-stream
51 verbose addNameTag registry:https://registry.npmjs.org/csv-write-stream not in flight; fetching
52 verbose get https://registry.npmjs.org/csv-write-stream not expired, no request
53 silly addNameTag next cb for csv-write-stream with tag latest
54 silly addNamed csv-write-stream@2.0.0
55 verbose addNamed "2.0.0" is a plain semver version for csv-write-stream
56 silly cache afterAdd csv-write-stream@2.0.0
57 verbose afterAdd /home/hilary/.npm/csv-write-stream/2.0.0/package/package.json not in flight; writing
58 verbose correctMkdir /home/hilary/.npm correctMkdir not in flight; initializing
59 verbose afterAdd /home/hilary/.npm/csv-write-stream/2.0.0/package/package.json written
60 silly fetchNamedPackageData argparse
61 silly mapToRegistry name argparse
62 silly mapToRegistry using default registry
63 silly mapToRegistry registry https://registry.npmjs.org/
64 silly mapToRegistry data Result {
64 silly mapToRegistry   raw: 'argparse',
64 silly mapToRegistry   scope: null,
64 silly mapToRegistry   escapedName: 'argparse',
64 silly mapToRegistry   name: 'argparse',
64 silly mapToRegistry   rawSpec: '',
64 silly mapToRegistry   spec: 'latest',
64 silly mapToRegistry   type: 'tag' }
65 silly mapToRegistry uri https://registry.npmjs.org/argparse
66 silly fetchNamedPackageData generate-object-property
67 silly mapToRegistry name generate-object-property
68 silly mapToRegistry using default registry
69 silly mapToRegistry registry https://registry.npmjs.org/
70 silly mapToRegistry data Result {
70 silly mapToRegistry   raw: 'generate-object-property',
70 silly mapToRegistry   scope: null,
70 silly mapToRegistry   escapedName: 'generate-object-property',
70 silly mapToRegistry   name: 'generate-object-property',
70 silly mapToRegistry   rawSpec: '',
70 silly mapToRegistry   spec: 'latest',
70 silly mapToRegistry   type: 'tag' }
71 silly mapToRegistry uri https://registry.npmjs.org/generate-object-property
72 silly fetchNamedPackageData ndjson
73 silly mapToRegistry name ndjson
74 silly mapToRegistry using default registry
75 silly mapToRegistry registry https://registry.npmjs.org/
76 silly mapToRegistry data Result {
76 silly mapToRegistry   raw: 'ndjson',
76 silly mapToRegistry   scope: null,
76 silly mapToRegistry   escapedName: 'ndjson',
76 silly mapToRegistry   name: 'ndjson',
76 silly mapToRegistry   rawSpec: '',
76 silly mapToRegistry   spec: 'latest',
76 silly mapToRegistry   type: 'tag' }
77 silly mapToRegistry uri https://registry.npmjs.org/ndjson
78 verbose request uri https://registry.npmjs.org/argparse
79 verbose request no auth needed
80 info attempt registry request try #1 at 11:18:24 AM
81 verbose etag W/"5844d6bc-9dcc"
82 verbose lastModified Mon, 05 Dec 2016 02:53:48 GMT
83 http request GET https://registry.npmjs.org/argparse
84 verbose request uri https://registry.npmjs.org/ndjson
85 verbose request no auth needed
86 info attempt registry request try #1 at 11:18:24 AM
87 verbose etag W/"58781f62-3704"
88 verbose lastModified Fri, 13 Jan 2017 00:29:22 GMT
89 http request GET https://registry.npmjs.org/ndjson
90 verbose request uri https://registry.npmjs.org/generate-object-property
91 verbose request no auth needed
92 info attempt registry request try #1 at 11:18:24 AM
93 verbose etag W/"5818d025-155b"
94 verbose lastModified Tue, 01 Nov 2016 17:25:57 GMT
95 http request GET https://registry.npmjs.org/generate-object-property
96 http 304 https://registry.npmjs.org/argparse
97 verbose headers { date: 'Wed, 18 Jan 2017 08:18:24 GMT',
97 verbose headers   via: '1.1 varnish',
97 verbose headers   'cache-control': 'max-age=300',
97 verbose headers   etag: 'W/"5844d6bc-9dcc"',
97 verbose headers   age: '116',
97 verbose headers   connection: 'keep-alive',
97 verbose headers   'x-served-by': 'cache-fjr7920-FJR',
97 verbose headers   'x-cache': 'HIT',
97 verbose headers   'x-cache-hits': '2',
97 verbose headers   'x-timer': 'S1484727504.396849,VS0,VE0',
97 verbose headers   vary: 'Accept-Encoding' }
98 silly get cb [ 304,
98 silly get   { date: 'Wed, 18 Jan 2017 08:18:24 GMT',
98 silly get     via: '1.1 varnish',
98 silly get     'cache-control': 'max-age=300',
98 silly get     etag: 'W/"5844d6bc-9dcc"',
98 silly get     age: '116',
98 silly get     connection: 'keep-alive',
98 silly get     'x-served-by': 'cache-fjr7920-FJR',
98 silly get     'x-cache': 'HIT',
98 silly get     'x-cache-hits': '2',
98 silly get     'x-timer': 'S1484727504.396849,VS0,VE0',
98 silly get     vary: 'Accept-Encoding' } ]
99 verbose etag https://registry.npmjs.org/argparse from cache
100 verbose get saving argparse to /home/hilary/.npm/registry.npmjs.org/argparse/.cache.json
101 verbose correctMkdir /home/hilary/.npm correctMkdir not in flight; initializing
102 silly resolveWithNewModule argparse@1.0.9 checking installable status
103 silly cache add args [ 'argparse@^1.0.7', null ]
104 verbose cache add spec argparse@^1.0.7
105 silly cache add parsed spec Result {
105 silly cache add   raw: 'argparse@^1.0.7',
105 silly cache add   scope: null,
105 silly cache add   escapedName: 'argparse',
105 silly cache add   name: 'argparse',
105 silly cache add   rawSpec: '^1.0.7',
105 silly cache add   spec: '>=1.0.7 <2.0.0',
105 silly cache add   type: 'range' }
106 silly addNamed argparse@>=1.0.7 <2.0.0
107 verbose addNamed ">=1.0.7 <2.0.0" is a valid semver range for argparse
108 silly addNameRange { name: 'argparse', range: '>=1.0.7 <2.0.0', hasData: false }
109 silly mapToRegistry name argparse
110 silly mapToRegistry using default registry
111 silly mapToRegistry registry https://registry.npmjs.org/
112 silly mapToRegistry data Result {
112 silly mapToRegistry   raw: 'argparse',
112 silly mapToRegistry   scope: null,
112 silly mapToRegistry   escapedName: 'argparse',
112 silly mapToRegistry   name: 'argparse',
112 silly mapToRegistry   rawSpec: '',
112 silly mapToRegistry   spec: 'latest',
112 silly mapToRegistry   type: 'tag' }
113 silly mapToRegistry uri https://registry.npmjs.org/argparse
114 verbose addNameRange registry:https://registry.npmjs.org/argparse not in flight; fetching
115 verbose get https://registry.npmjs.org/argparse not expired, no request
116 silly addNameRange number 2 { name: 'argparse', range: '>=1.0.7 <2.0.0', hasData: true }
117 silly addNameRange versions [ 'argparse',
117 silly addNameRange   [ '0.1.0',
117 silly addNameRange     '0.1.1',
117 silly addNameRange     '0.1.2',
117 silly addNameRange     '0.1.3',
117 silly addNameRange     '0.1.4',
117 silly addNameRange     '0.1.5',
117 silly addNameRange     '0.1.6',
117 silly addNameRange     '0.1.7',
117 silly addNameRange     '0.1.8',
117 silly addNameRange     '0.1.9',
117 silly addNameRange     '0.1.10',
117 silly addNameRange     '0.1.11',
117 silly addNameRange     '0.1.12',
117 silly addNameRange     '0.1.13',
117 silly addNameRange     '0.1.14',
117 silly addNameRange     '0.1.15',
117 silly addNameRange     '0.1.16',
117 silly addNameRange     '1.0.0',
117 silly addNameRange     '1.0.1',
117 silly addNameRange     '1.0.2',
117 silly addNameRange     '1.0.3',
117 silly addNameRange     '1.0.4',
117 silly addNameRange     '1.0.5',
117 silly addNameRange     '1.0.6',
117 silly addNameRange     '1.0.7',
117 silly addNameRange     '1.0.8',
117 silly addNameRange     '1.0.9' ] ]
118 silly addNamed argparse@1.0.9
119 verbose addNamed "1.0.9" is a plain semver version for argparse
120 silly cache afterAdd argparse@1.0.9
121 verbose afterAdd /home/hilary/.npm/argparse/1.0.9/package/package.json not in flight; writing
122 verbose correctMkdir /home/hilary/.npm correctMkdir not in flight; initializing
123 verbose afterAdd /home/hilary/.npm/argparse/1.0.9/package/package.json written
124 http 304 https://registry.npmjs.org/generate-object-property
125 verbose headers { date: 'Wed, 18 Jan 2017 08:18:24 GMT',
125 verbose headers   via: '1.1 varnish',
125 verbose headers   'cache-control': 'max-age=300',
125 verbose headers   etag: 'W/"5818d025-155b"',
125 verbose headers   age: '215',
125 verbose headers   connection: 'keep-alive',
125 verbose headers   'x-served-by': 'cache-fjr7922-FJR',
125 verbose headers   'x-cache': 'HIT',
125 verbose headers   'x-cache-hits': '1',
125 verbose headers   'x-timer': 'S1484727504.749378,VS0,VE0',
125 verbose headers   vary: 'Accept-Encoding' }
126 silly get cb [ 304,
126 silly get   { date: 'Wed, 18 Jan 2017 08:18:24 GMT',
126 silly get     via: '1.1 varnish',
126 silly get     'cache-control': 'max-age=300',
126 silly get     etag: 'W/"5818d025-155b"',
126 silly get     age: '215',
126 silly get     connection: 'keep-alive',
126 silly get     'x-served-by': 'cache-fjr7922-FJR',
126 silly get     'x-cache': 'HIT',
126 silly get     'x-cache-hits': '1',
126 silly get     'x-timer': 'S1484727504.749378,VS0,VE0',
126 silly get     vary: 'Accept-Encoding' } ]
127 verbose etag https://registry.npmjs.org/generate-object-property from cache
128 verbose get saving generate-object-property to /home/hilary/.npm/registry.npmjs.org/generate-object-property/.cache.json
129 verbose correctMkdir /home/hilary/.npm correctMkdir not in flight; initializing
130 silly resolveWithNewModule generate-object-property@1.2.0 checking installable status
131 silly cache add args [ 'generate-object-property@^1.0.0', null ]
132 verbose cache add spec generate-object-property@^1.0.0
133 silly cache add parsed spec Result {
133 silly cache add   raw: 'generate-object-property@^1.0.0',
133 silly cache add   scope: null,
133 silly cache add   escapedName: 'generate-object-property',
133 silly cache add   name: 'generate-object-property',
133 silly cache add   rawSpec: '^1.0.0',
133 silly cache add   spec: '>=1.0.0 <2.0.0',
133 silly cache add   type: 'range' }
134 silly addNamed generate-object-property@>=1.0.0 <2.0.0
135 verbose addNamed ">=1.0.0 <2.0.0" is a valid semver range for generate-object-property
136 silly addNameRange { name: 'generate-object-property',
136 silly addNameRange   range: '>=1.0.0 <2.0.0',
136 silly addNameRange   hasData: false }
137 silly mapToRegistry name generate-object-property
138 silly mapToRegistry using default registry
139 silly mapToRegistry registry https://registry.npmjs.org/
140 silly mapToRegistry data Result {
140 silly mapToRegistry   raw: 'generate-object-property',
140 silly mapToRegistry   scope: null,
140 silly mapToRegistry   escapedName: 'generate-object-property',
140 silly mapToRegistry   name: 'generate-object-property',
140 silly mapToRegistry   rawSpec: '',
140 silly mapToRegistry   spec: 'latest',
140 silly mapToRegistry   type: 'tag' }
141 silly mapToRegistry uri https://registry.npmjs.org/generate-object-property
142 verbose addNameRange registry:https://registry.npmjs.org/generate-object-property not in flight; fetching
143 verbose get https://registry.npmjs.org/generate-object-property not expired, no request
144 silly addNameRange number 2 { name: 'generate-object-property',
144 silly addNameRange   range: '>=1.0.0 <2.0.0',
144 silly addNameRange   hasData: true }
145 silly addNameRange versions [ 'generate-object-property',
145 silly addNameRange   [ '1.0.0', '1.1.0', '1.1.1', '1.2.0' ] ]
146 silly addNamed generate-object-property@1.2.0
147 verbose addNamed "1.2.0" is a plain semver version for generate-object-property
148 silly cache afterAdd generate-object-property@1.2.0
149 verbose afterAdd /home/hilary/.npm/generate-object-property/1.2.0/package/package.json not in flight; writing
150 verbose correctMkdir /home/hilary/.npm correctMkdir not in flight; initializing
151 verbose afterAdd /home/hilary/.npm/generate-object-property/1.2.0/package/package.json written
152 http 304 https://registry.npmjs.org/ndjson
153 verbose headers { date: 'Wed, 18 Jan 2017 08:18:24 GMT',
153 verbose headers   via: '1.1 varnish',
153 verbose headers   'cache-control': 'max-age=300',
153 verbose headers   etag: 'W/"58781f62-3704"',
153 verbose headers   age: '0',
153 verbose headers   connection: 'keep-alive',
153 verbose headers   'x-served-by': 'cache-fjr7922-FJR',
153 verbose headers   'x-cache': 'MISS',
153 verbose headers   'x-cache-hits': '0',
153 verbose headers   'x-timer': 'S1484727504.747460,VS0,VE112',
153 verbose headers   vary: 'Accept-Encoding' }
154 silly get cb [ 304,
154 silly get   { date: 'Wed, 18 Jan 2017 08:18:24 GMT',
154 silly get     via: '1.1 varnish',
154 silly get     'cache-control': 'max-age=300',
154 silly get     etag: 'W/"58781f62-3704"',
154 silly get     age: '0',
154 silly get     connection: 'keep-alive',
154 silly get     'x-served-by': 'cache-fjr7922-FJR',
154 silly get     'x-cache': 'MISS',
154 silly get     'x-cache-hits': '0',
154 silly get     'x-timer': 'S1484727504.747460,VS0,VE112',
154 silly get     vary: 'Accept-Encoding' } ]
155 verbose etag https://registry.npmjs.org/ndjson from cache
156 verbose get saving ndjson to /home/hilary/.npm/registry.npmjs.org/ndjson/.cache.json
157 verbose correctMkdir /home/hilary/.npm correctMkdir not in flight; initializing
158 silly resolveWithNewModule ndjson@1.5.0 checking installable status
159 silly cache add args [ 'ndjson@^1.3.0', null ]
160 verbose cache add spec ndjson@^1.3.0
161 silly cache add parsed spec Result {
161 silly cache add   raw: 'ndjson@^1.3.0',
161 silly cache add   scope: null,
161 silly cache add   escapedName: 'ndjson',
161 silly cache add   name: 'ndjson',
161 silly cache add   rawSpec: '^1.3.0',
161 silly cache add   spec: '>=1.3.0 <2.0.0',
161 silly cache add   type: 'range' }
162 silly addNamed ndjson@>=1.3.0 <2.0.0
163 verbose addNamed ">=1.3.0 <2.0.0" is a valid semver range for ndjson
164 silly addNameRange { name: 'ndjson', range: '>=1.3.0 <2.0.0', hasData: false }
165 silly mapToRegistry name ndjson
166 silly mapToRegistry using default registry
167 silly mapToRegistry registry https://registry.npmjs.org/
168 silly mapToRegistry data Result {
168 silly mapToRegistry   raw: 'ndjson',
168 silly mapToRegistry   scope: null,
168 silly mapToRegistry   escapedName: 'ndjson',
168 silly mapToRegistry   name: 'ndjson',
168 silly mapToRegistry   rawSpec: '',
168 silly mapToRegistry   spec: 'latest',
168 silly mapToRegistry   type: 'tag' }
169 silly mapToRegistry uri https://registry.npmjs.org/ndjson
170 verbose addNameRange registry:https://registry.npmjs.org/ndjson not in flight; fetching
171 verbose get https://registry.npmjs.org/ndjson not expired, no request
172 silly addNameRange number 2 { name: 'ndjson', range: '>=1.3.0 <2.0.0', hasData: true }
173 silly addNameRange versions [ 'ndjson',
173 silly addNameRange   [ '1.2.1',
173 silly addNameRange     '1.2.2',
173 silly addNameRange     '1.2.3',
173 silly addNameRange     '1.3.0',
173 silly addNameRange     '1.3.1',
173 silly addNameRange     '1.4.0',
173 silly addNameRange     '1.4.1',
173 silly addNameRange     '1.4.2',
173 silly addNameRange     '1.4.3',
173 silly addNameRange     '1.4.4',
173 silly addNameRange     '1.5.0' ] ]
174 silly addNamed ndjson@1.5.0
175 verbose addNamed "1.5.0" is a plain semver version for ndjson
176 silly cache afterAdd ndjson@1.5.0
177 verbose afterAdd /home/hilary/.npm/ndjson/1.5.0/package/package.json not in flight; writing
178 verbose correctMkdir /home/hilary/.npm correctMkdir not in flight; initializing
179 verbose afterAdd /home/hilary/.npm/ndjson/1.5.0/package/package.json written
180 silly fetchNamedPackageData sprintf-js
181 silly mapToRegistry name sprintf-js
182 silly mapToRegistry using default registry
183 silly mapToRegistry registry https://registry.npmjs.org/
184 silly mapToRegistry data Result {
184 silly mapToRegistry   raw: 'sprintf-js',
184 silly mapToRegistry   scope: null,
184 silly mapToRegistry   escapedName: 'sprintf-js',
184 silly mapToRegistry   name: 'sprintf-js',
184 silly mapToRegistry   rawSpec: '',
184 silly mapToRegistry   spec: 'latest',
184 silly mapToRegistry   type: 'tag' }
185 silly mapToRegistry uri https://registry.npmjs.org/sprintf-js
186 verbose request uri https://registry.npmjs.org/sprintf-js
187 verbose request no auth needed
188 info attempt registry request try #1 at 11:18:24 AM
189 verbose etag W/"5853fc07-26ff"
190 verbose lastModified Fri, 16 Dec 2016 14:36:55 GMT
191 http request GET https://registry.npmjs.org/sprintf-js
192 http 304 https://registry.npmjs.org/sprintf-js
193 verbose headers { date: 'Wed, 18 Jan 2017 08:18:25 GMT',
193 verbose headers   via: '1.1 varnish',
193 verbose headers   'cache-control': 'max-age=300',
193 verbose headers   etag: 'W/"5853fc07-26ff"',
193 verbose headers   age: '116',
193 verbose headers   connection: 'keep-alive',
193 verbose headers   'x-served-by': 'cache-fjr7920-FJR',
193 verbose headers   'x-cache': 'HIT',
193 verbose headers   'x-cache-hits': '2',
193 verbose headers   'x-timer': 'S1484727505.012896,VS0,VE0',
193 verbose headers   vary: 'Accept-Encoding' }
194 silly get cb [ 304,
194 silly get   { date: 'Wed, 18 Jan 2017 08:18:25 GMT',
194 silly get     via: '1.1 varnish',
194 silly get     'cache-control': 'max-age=300',
194 silly get     etag: 'W/"5853fc07-26ff"',
194 silly get     age: '116',
194 silly get     connection: 'keep-alive',
194 silly get     'x-served-by': 'cache-fjr7920-FJR',
194 silly get     'x-cache': 'HIT',
194 silly get     'x-cache-hits': '2',
194 silly get     'x-timer': 'S1484727505.012896,VS0,VE0',
194 silly get     vary: 'Accept-Encoding' } ]
195 verbose etag https://registry.npmjs.org/sprintf-js from cache
196 verbose get saving sprintf-js to /home/hilary/.npm/registry.npmjs.org/sprintf-js/.cache.json
197 verbose correctMkdir /home/hilary/.npm correctMkdir not in flight; initializing
198 silly resolveWithNewModule sprintf-js@1.0.3 checking installable status
199 silly cache add args [ 'sprintf-js@~1.0.2', null ]
200 verbose cache add spec sprintf-js@~1.0.2
201 silly cache add parsed spec Result {
201 silly cache add   raw: 'sprintf-js@~1.0.2',
201 silly cache add   scope: null,
201 silly cache add   escapedName: 'sprintf-js',
201 silly cache add   name: 'sprintf-js',
201 silly cache add   rawSpec: '~1.0.2',
201 silly cache add   spec: '>=1.0.2 <1.1.0',
201 silly cache add   type: 'range' }
202 silly addNamed sprintf-js@>=1.0.2 <1.1.0
203 verbose addNamed ">=1.0.2 <1.1.0" is a valid semver range for sprintf-js
204 silly addNameRange { name: 'sprintf-js', range: '>=1.0.2 <1.1.0', hasData: false }
205 silly mapToRegistry name sprintf-js
206 silly mapToRegistry using default registry
207 silly mapToRegistry registry https://registry.npmjs.org/
208 silly mapToRegistry data Result {
208 silly mapToRegistry   raw: 'sprintf-js',
208 silly mapToRegistry   scope: null,
208 silly mapToRegistry   escapedName: 'sprintf-js',
208 silly mapToRegistry   name: 'sprintf-js',
208 silly mapToRegistry   rawSpec: '',
208 silly mapToRegistry   spec: 'latest',
208 silly mapToRegistry   type: 'tag' }
209 silly mapToRegistry uri https://registry.npmjs.org/sprintf-js
210 verbose addNameRange registry:https://registry.npmjs.org/sprintf-js not in flight; fetching
211 verbose get https://registry.npmjs.org/sprintf-js not expired, no request
212 silly addNameRange number 2 { name: 'sprintf-js', range: '>=1.0.2 <1.1.0', hasData: true }
213 silly addNameRange versions [ 'sprintf-js', [ '0.0.7', '1.0.1', '1.0.2', '1.0.3' ] ]
214 silly addNamed sprintf-js@1.0.3
215 verbose addNamed "1.0.3" is a plain semver version for sprintf-js
216 silly cache afterAdd sprintf-js@1.0.3
217 verbose afterAdd /home/hilary/.npm/sprintf-js/1.0.3/package/package.json not in flight; writing
218 verbose correctMkdir /home/hilary/.npm correctMkdir not in flight; initializing
219 verbose afterAdd /home/hilary/.npm/sprintf-js/1.0.3/package/package.json written
220 silly fetchNamedPackageData is-property
221 silly mapToRegistry name is-property
222 silly mapToRegistry using default registry
223 silly mapToRegistry registry https://registry.npmjs.org/
224 silly mapToRegistry data Result {
224 silly mapToRegistry   raw: 'is-property',
224 silly mapToRegistry   scope: null,
224 silly mapToRegistry   escapedName: 'is-property',
224 silly mapToRegistry   name: 'is-property',
224 silly mapToRegistry   rawSpec: '',
224 silly mapToRegistry   spec: 'latest',
224 silly mapToRegistry   type: 'tag' }
225 silly mapToRegistry uri https://registry.npmjs.org/is-property
226 verbose request uri https://registry.npmjs.org/is-property
227 verbose request no auth needed
228 info attempt registry request try #1 at 11:18:25 AM
229 verbose etag W/"5818d315-15d7"
230 verbose lastModified Tue, 01 Nov 2016 17:38:29 GMT
231 http request GET https://registry.npmjs.org/is-property
232 http 304 https://registry.npmjs.org/is-property
233 verbose headers { date: 'Wed, 18 Jan 2017 08:18:25 GMT',
233 verbose headers   via: '1.1 varnish',
233 verbose headers   'cache-control': 'max-age=300',
233 verbose headers   etag: 'W/"5818d315-15d7"',
233 verbose headers   age: '141',
233 verbose headers   connection: 'keep-alive',
233 verbose headers   'x-served-by': 'cache-fjr7922-FJR',
233 verbose headers   'x-cache': 'HIT',
233 verbose headers   'x-cache-hits': '2',
233 verbose headers   'x-timer': 'S1484727505.143341,VS0,VE0',
233 verbose headers   vary: 'Accept-Encoding' }
234 silly get cb [ 304,
234 silly get   { date: 'Wed, 18 Jan 2017 08:18:25 GMT',
234 silly get     via: '1.1 varnish',
234 silly get     'cache-control': 'max-age=300',
234 silly get     etag: 'W/"5818d315-15d7"',
234 silly get     age: '141',
234 silly get     connection: 'keep-alive',
234 silly get     'x-served-by': 'cache-fjr7922-FJR',
234 silly get     'x-cache': 'HIT',
234 silly get     'x-cache-hits': '2',
234 silly get     'x-timer': 'S1484727505.143341,VS0,VE0',
234 silly get     vary: 'Accept-Encoding' } ]
235 verbose etag https://registry.npmjs.org/is-property from cache
236 verbose get saving is-property to /home/hilary/.npm/registry.npmjs.org/is-property/.cache.json
237 verbose correctMkdir /home/hilary/.npm correctMkdir not in flight; initializing
238 silly resolveWithNewModule is-property@1.0.2 checking installable status
239 silly cache add args [ 'is-property@^1.0.0', null ]
240 verbose cache add spec is-property@^1.0.0
241 silly cache add parsed spec Result {
241 silly cache add   raw: 'is-property@^1.0.0',
241 silly cache add   scope: null,
241 silly cache add   escapedName: 'is-property',
241 silly cache add   name: 'is-property',
241 silly cache add   rawSpec: '^1.0.0',
241 silly cache add   spec: '>=1.0.0 <2.0.0',
241 silly cache add   type: 'range' }
242 silly addNamed is-property@>=1.0.0 <2.0.0
243 verbose addNamed ">=1.0.0 <2.0.0" is a valid semver range for is-property
244 silly addNameRange { name: 'is-property', range: '>=1.0.0 <2.0.0', hasData: false }
245 silly mapToRegistry name is-property
246 silly mapToRegistry using default registry
247 silly mapToRegistry registry https://registry.npmjs.org/
248 silly mapToRegistry data Result {
248 silly mapToRegistry   raw: 'is-property',
248 silly mapToRegistry   scope: null,
248 silly mapToRegistry   escapedName: 'is-property',
248 silly mapToRegistry   name: 'is-property',
248 silly mapToRegistry   rawSpec: '',
248 silly mapToRegistry   spec: 'latest',
248 silly mapToRegistry   type: 'tag' }
249 silly mapToRegistry uri https://registry.npmjs.org/is-property
250 verbose addNameRange registry:https://registry.npmjs.org/is-property not in flight; fetching
251 verbose get https://registry.npmjs.org/is-property not expired, no request
252 silly addNameRange number 2 { name: 'is-property', range: '>=1.0.0 <2.0.0', hasData: true }
253 silly addNameRange versions [ 'is-property', [ '0.0.0', '1.0.0', '1.0.1', '1.0.2' ] ]
254 silly addNamed is-property@1.0.2
255 verbose addNamed "1.0.2" is a plain semver version for is-property
256 silly cache afterAdd is-property@1.0.2
257 verbose afterAdd /home/hilary/.npm/is-property/1.0.2/package/package.json not in flight; writing
258 verbose correctMkdir /home/hilary/.npm correctMkdir not in flight; initializing
259 verbose afterAdd /home/hilary/.npm/is-property/1.0.2/package/package.json written
260 silly fetchNamedPackageData json-stringify-safe
261 silly mapToRegistry name json-stringify-safe
262 silly mapToRegistry using default registry
263 silly mapToRegistry registry https://registry.npmjs.org/
264 silly mapToRegistry data Result {
264 silly mapToRegistry   raw: 'json-stringify-safe',
264 silly mapToRegistry   scope: null,
264 silly mapToRegistry   escapedName: 'json-stringify-safe',
264 silly mapToRegistry   name: 'json-stringify-safe',
264 silly mapToRegistry   rawSpec: '',
264 silly mapToRegistry   spec: 'latest',
264 silly mapToRegistry   type: 'tag' }
265 silly mapToRegistry uri https://registry.npmjs.org/json-stringify-safe
266 silly fetchNamedPackageData minimist
267 silly mapToRegistry name minimist
268 silly mapToRegistry using default registry
269 silly mapToRegistry registry https://registry.npmjs.org/
270 silly mapToRegistry data Result {
270 silly mapToRegistry   raw: 'minimist',
270 silly mapToRegistry   scope: null,
270 silly mapToRegistry   escapedName: 'minimist',
270 silly mapToRegistry   name: 'minimist',
270 silly mapToRegistry   rawSpec: '',
270 silly mapToRegistry   spec: 'latest',
270 silly mapToRegistry   type: 'tag' }
271 silly mapToRegistry uri https://registry.npmjs.org/minimist
272 silly fetchNamedPackageData split2
273 silly mapToRegistry name split2
274 silly mapToRegistry using default registry
275 silly mapToRegistry registry https://registry.npmjs.org/
276 silly mapToRegistry data Result {
276 silly mapToRegistry   raw: 'split2',
276 silly mapToRegistry   scope: null,
276 silly mapToRegistry   escapedName: 'split2',
276 silly mapToRegistry   name: 'split2',
276 silly mapToRegistry   rawSpec: '',
276 silly mapToRegistry   spec: 'latest',
276 silly mapToRegistry   type: 'tag' }
277 silly mapToRegistry uri https://registry.npmjs.org/split2
278 silly fetchNamedPackageData through2
279 silly mapToRegistry name through2
280 silly mapToRegistry using default registry
281 silly mapToRegistry registry https://registry.npmjs.org/
282 silly mapToRegistry data Result {
282 silly mapToRegistry   raw: 'through2',
282 silly mapToRegistry   scope: null,
282 silly mapToRegistry   escapedName: 'through2',
282 silly mapToRegistry   name: 'through2',
282 silly mapToRegistry   rawSpec: '',
282 silly mapToRegistry   spec: 'latest',
282 silly mapToRegistry   type: 'tag' }
283 silly mapToRegistry uri https://registry.npmjs.org/through2
284 verbose request uri https://registry.npmjs.org/minimist
285 verbose request no auth needed
286 info attempt registry request try #1 at 11:18:25 AM
287 verbose etag W/"58763b76-7324"
288 verbose lastModified Wed, 11 Jan 2017 14:04:38 GMT
289 http request GET https://registry.npmjs.org/minimist
290 verbose request uri https://registry.npmjs.org/split2
291 verbose request no auth needed
292 info attempt registry request try #1 at 11:18:25 AM
293 verbose etag W/"586a0f67-4553"
294 verbose lastModified Mon, 02 Jan 2017 08:29:27 GMT
295 http request GET https://registry.npmjs.org/split2
296 verbose request uri https://registry.npmjs.org/through2
297 verbose request no auth needed
298 info attempt registry request try #1 at 11:18:25 AM
299 verbose etag W/"58773a0b-a867"
300 verbose lastModified Thu, 12 Jan 2017 08:10:51 GMT
301 http request GET https://registry.npmjs.org/through2
302 verbose request uri https://registry.npmjs.org/json-stringify-safe
303 verbose request no auth needed
304 info attempt registry request try #1 at 11:18:25 AM
305 verbose etag W/"585f16c4-1c4b"
306 verbose lastModified Sun, 25 Dec 2016 00:45:56 GMT
307 http request GET https://registry.npmjs.org/json-stringify-safe
308 http 304 https://registry.npmjs.org/minimist
309 verbose headers { date: 'Wed, 18 Jan 2017 08:18:25 GMT',
309 verbose headers   via: '1.1 varnish',
309 verbose headers   'cache-control': 'max-age=300',
309 verbose headers   etag: 'W/"58763b76-7324"',
309 verbose headers   age: '168',
309 verbose headers   connection: 'keep-alive',
309 verbose headers   'x-served-by': 'cache-fjr7922-FJR',
309 verbose headers   'x-cache': 'HIT',
309 verbose headers   'x-cache-hits': '10',
309 verbose headers   'x-timer': 'S1484727505.287833,VS0,VE0',
309 verbose headers   vary: 'Accept-Encoding' }
310 silly get cb [ 304,
310 silly get   { date: 'Wed, 18 Jan 2017 08:18:25 GMT',
310 silly get     via: '1.1 varnish',
310 silly get     'cache-control': 'max-age=300',
310 silly get     etag: 'W/"58763b76-7324"',
310 silly get     age: '168',
310 silly get     connection: 'keep-alive',
310 silly get     'x-served-by': 'cache-fjr7922-FJR',
310 silly get     'x-cache': 'HIT',
310 silly get     'x-cache-hits': '10',
310 silly get     'x-timer': 'S1484727505.287833,VS0,VE0',
310 silly get     vary: 'Accept-Encoding' } ]
311 verbose etag https://registry.npmjs.org/minimist from cache
312 verbose get saving minimist to /home/hilary/.npm/registry.npmjs.org/minimist/.cache.json
313 verbose correctMkdir /home/hilary/.npm correctMkdir not in flight; initializing
314 silly resolveWithNewModule minimist@1.2.0 checking installable status
315 silly cache add args [ 'minimist@^1.2.0', null ]
316 verbose cache add spec minimist@^1.2.0
317 silly cache add parsed spec Result {
317 silly cache add   raw: 'minimist@^1.2.0',
317 silly cache add   scope: null,
317 silly cache add   escapedName: 'minimist',
317 silly cache add   name: 'minimist',
317 silly cache add   rawSpec: '^1.2.0',
317 silly cache add   spec: '>=1.2.0 <2.0.0',
317 silly cache add   type: 'range' }
318 silly addNamed minimist@>=1.2.0 <2.0.0
319 verbose addNamed ">=1.2.0 <2.0.0" is a valid semver range for minimist
320 silly addNameRange { name: 'minimist', range: '>=1.2.0 <2.0.0', hasData: false }
321 silly mapToRegistry name minimist
322 silly mapToRegistry using default registry
323 silly mapToRegistry registry https://registry.npmjs.org/
324 silly mapToRegistry data Result {
324 silly mapToRegistry   raw: 'minimist',
324 silly mapToRegistry   scope: null,
324 silly mapToRegistry   escapedName: 'minimist',
324 silly mapToRegistry   name: 'minimist',
324 silly mapToRegistry   rawSpec: '',
324 silly mapToRegistry   spec: 'latest',
324 silly mapToRegistry   type: 'tag' }
325 silly mapToRegistry uri https://registry.npmjs.org/minimist
326 verbose addNameRange registry:https://registry.npmjs.org/minimist not in flight; fetching
327 http 304 https://registry.npmjs.org/through2
328 verbose headers { date: 'Wed, 18 Jan 2017 08:18:25 GMT',
328 verbose headers   via: '1.1 varnish',
328 verbose headers   'cache-control': 'max-age=300',
328 verbose headers   etag: 'W/"58773a0b-a867"',
328 verbose headers   age: '167',
328 verbose headers   connection: 'keep-alive',
328 verbose headers   'x-served-by': 'cache-fjr7922-FJR',
328 verbose headers   'x-cache': 'HIT',
328 verbose headers   'x-cache-hits': '2',
328 verbose headers   'x-timer': 'S1484727505.300266,VS0,VE0',
328 verbose headers   vary: 'Accept-Encoding' }
329 silly get cb [ 304,
329 silly get   { date: 'Wed, 18 Jan 2017 08:18:25 GMT',
329 silly get     via: '1.1 varnish',
329 silly get     'cache-control': 'max-age=300',
329 silly get     etag: 'W/"58773a0b-a867"',
329 silly get     age: '167',
329 silly get     connection: 'keep-alive',
329 silly get     'x-served-by': 'cache-fjr7922-FJR',
329 silly get     'x-cache': 'HIT',
329 silly get     'x-cache-hits': '2',
329 silly get     'x-timer': 'S1484727505.300266,VS0,VE0',
329 silly get     vary: 'Accept-Encoding' } ]
330 verbose etag https://registry.npmjs.org/through2 from cache
331 verbose get saving through2 to /home/hilary/.npm/registry.npmjs.org/through2/.cache.json
332 verbose correctMkdir /home/hilary/.npm correctMkdir not in flight; initializing
333 verbose get https://registry.npmjs.org/minimist not expired, no request
334 silly addNameRange number 2 { name: 'minimist', range: '>=1.2.0 <2.0.0', hasData: true }
335 silly addNameRange versions [ 'minimist',
335 silly addNameRange   [ '0.0.0',
335 silly addNameRange     '0.0.1',
335 silly addNameRange     '0.0.2',
335 silly addNameRange     '0.0.3',
335 silly addNameRange     '0.0.4',
335 silly addNameRange     '0.0.5',
335 silly addNameRange     '0.0.6',
335 silly addNameRange     '0.0.7',
335 silly addNameRange     '0.0.8',
335 silly addNameRange     '0.0.9',
335 silly addNameRange     '0.0.10',
335 silly addNameRange     '0.1.0',
335 silly addNameRange     '0.2.0',
335 silly addNameRange     '1.0.0',
335 silly addNameRange     '1.1.0',
335 silly addNameRange     '1.1.1',
335 silly addNameRange     '1.1.2',
335 silly addNameRange     '1.1.3',
335 silly addNameRange     '1.2.0' ] ]
336 silly addNamed minimist@1.2.0
337 verbose addNamed "1.2.0" is a plain semver version for minimist
338 silly cache afterAdd minimist@1.2.0
339 verbose afterAdd /home/hilary/.npm/minimist/1.2.0/package/package.json not in flight; writing
340 verbose correctMkdir /home/hilary/.npm correctMkdir not in flight; initializing
341 silly resolveWithNewModule through2@2.0.3 checking installable status
342 silly cache add args [ 'through2@^2.0.3', null ]
343 verbose cache add spec through2@^2.0.3
344 silly cache add parsed spec Result {
344 silly cache add   raw: 'through2@^2.0.3',
344 silly cache add   scope: null,
344 silly cache add   escapedName: 'through2',
344 silly cache add   name: 'through2',
344 silly cache add   rawSpec: '^2.0.3',
344 silly cache add   spec: '>=2.0.3 <3.0.0',
344 silly cache add   type: 'range' }
345 silly addNamed through2@>=2.0.3 <3.0.0
346 verbose addNamed ">=2.0.3 <3.0.0" is a valid semver range for through2
347 silly addNameRange { name: 'through2', range: '>=2.0.3 <3.0.0', hasData: false }
348 silly mapToRegistry name through2
349 silly mapToRegistry using default registry
350 silly mapToRegistry registry https://registry.npmjs.org/
351 silly mapToRegistry data Result {
351 silly mapToRegistry   raw: 'through2',
351 silly mapToRegistry   scope: null,
351 silly mapToRegistry   escapedName: 'through2',
351 silly mapToRegistry   name: 'through2',
351 silly mapToRegistry   rawSpec: '',
351 silly mapToRegistry   spec: 'latest',
351 silly mapToRegistry   type: 'tag' }
352 silly mapToRegistry uri https://registry.npmjs.org/through2
353 verbose addNameRange registry:https://registry.npmjs.org/through2 not in flight; fetching
354 verbose get https://registry.npmjs.org/through2 not expired, no request
355 silly addNameRange number 2 { name: 'through2', range: '>=2.0.3 <3.0.0', hasData: true }
356 silly addNameRange versions [ 'through2',
356 silly addNameRange   [ '0.0.0',
356 silly addNameRange     '0.0.1',
356 silly addNameRange     '0.0.2',
356 silly addNameRange     '0.0.3',
356 silly addNameRange     '0.0.4',
356 silly addNameRange     '0.0.5',
356 silly addNameRange     '0.1.0',
356 silly addNameRange     '0.2.0',
356 silly addNameRange     '0.2.1',
356 silly addNameRange     '0.2.2',
356 silly addNameRange     '0.2.3',
356 silly addNameRange     '0.3.0',
356 silly addNameRange     '0.4.0',
356 silly addNameRange     '0.4.1',
356 silly addNameRange     '1.0.0',
356 silly addNameRange     '0.4.2',
356 silly addNameRange     '0.5.0',
356 silly addNameRange     '0.5.1',
356 silly addNameRange     '0.6.0',
356 silly addNameRange     '1.1.0',
356 silly addNameRange     '0.6.1',
356 silly addNameRange     '1.1.1',
356 silly addNameRange     '0.6.2',
356 silly addNameRange     '0.6.3',
356 silly addNameRange     '0.6.4',
356 silly addNameRange     '0.6.5',
356 silly addNameRange     '2.0.0',
356 silly addNameRange     '2.0.1',
356 silly addNameRange     '2.0.2',
356 silly addNameRange     '2.0.3' ] ]
357 silly addNamed through2@2.0.3
358 verbose addNamed "2.0.3" is a plain semver version for through2
359 verbose afterAdd /home/hilary/.npm/minimist/1.2.0/package/package.json written
360 silly cache afterAdd through2@2.0.3
361 verbose afterAdd /home/hilary/.npm/through2/2.0.3/package/package.json not in flight; writing
362 verbose correctMkdir /home/hilary/.npm correctMkdir not in flight; initializing
363 verbose afterAdd /home/hilary/.npm/through2/2.0.3/package/package.json written
364 http 304 https://registry.npmjs.org/split2
365 verbose headers { date: 'Wed, 18 Jan 2017 08:18:25 GMT',
365 verbose headers   via: '1.1 varnish',
365 verbose headers   'cache-control': 'max-age=300',
365 verbose headers   etag: 'W/"586a0f67-4553"',
365 verbose headers   age: '0',
365 verbose headers   connection: 'keep-alive',
365 verbose headers   'x-served-by': 'cache-fjr7920-FJR',
365 verbose headers   'x-cache': 'MISS',
365 verbose headers   'x-cache-hits': '0',
365 verbose headers   'x-timer': 'S1484727505.287588,VS0,VE124',
365 verbose headers   vary: 'Accept-Encoding' }
366 silly get cb [ 304,
366 silly get   { date: 'Wed, 18 Jan 2017 08:18:25 GMT',
366 silly get     via: '1.1 varnish',
366 silly get     'cache-control': 'max-age=300',
366 silly get     etag: 'W/"586a0f67-4553"',
366 silly get     age: '0',
366 silly get     connection: 'keep-alive',
366 silly get     'x-served-by': 'cache-fjr7920-FJR',
366 silly get     'x-cache': 'MISS',
366 silly get     'x-cache-hits': '0',
366 silly get     'x-timer': 'S1484727505.287588,VS0,VE124',
366 silly get     vary: 'Accept-Encoding' } ]
367 verbose etag https://registry.npmjs.org/split2 from cache
368 verbose get saving split2 to /home/hilary/.npm/registry.npmjs.org/split2/.cache.json
369 verbose correctMkdir /home/hilary/.npm correctMkdir not in flight; initializing
370 silly resolveWithNewModule split2@2.1.1 checking installable status
371 silly cache add args [ 'split2@^2.1.0', null ]
372 verbose cache add spec split2@^2.1.0
373 silly cache add parsed spec Result {
373 silly cache add   raw: 'split2@^2.1.0',
373 silly cache add   scope: null,
373 silly cache add   escapedName: 'split2',
373 silly cache add   name: 'split2',
373 silly cache add   rawSpec: '^2.1.0',
373 silly cache add   spec: '>=2.1.0 <3.0.0',
373 silly cache add   type: 'range' }
374 silly addNamed split2@>=2.1.0 <3.0.0
375 verbose addNamed ">=2.1.0 <3.0.0" is a valid semver range for split2
376 silly addNameRange { name: 'split2', range: '>=2.1.0 <3.0.0', hasData: false }
377 silly mapToRegistry name split2
378 silly mapToRegistry using default registry
379 silly mapToRegistry registry https://registry.npmjs.org/
380 silly mapToRegistry data Result {
380 silly mapToRegistry   raw: 'split2',
380 silly mapToRegistry   scope: null,
380 silly mapToRegistry   escapedName: 'split2',
380 silly mapToRegistry   name: 'split2',
380 silly mapToRegistry   rawSpec: '',
380 silly mapToRegistry   spec: 'latest',
380 silly mapToRegistry   type: 'tag' }
381 silly mapToRegistry uri https://registry.npmjs.org/split2
382 verbose addNameRange registry:https://registry.npmjs.org/split2 not in flight; fetching
383 verbose get https://registry.npmjs.org/split2 not expired, no request
384 silly addNameRange number 2 { name: 'split2', range: '>=2.1.0 <3.0.0', hasData: true }
385 silly addNameRange versions [ 'split2',
385 silly addNameRange   [ '0.1.0',
385 silly addNameRange     '0.1.1',
385 silly addNameRange     '0.1.2',
385 silly addNameRange     '0.2.0',
385 silly addNameRange     '0.2.1',
385 silly addNameRange     '1.0.0',
385 silly addNameRange     '1.1.0',
385 silly addNameRange     '1.1.1',
385 silly addNameRange     '2.0.0',
385 silly addNameRange     '2.0.1',
385 silly addNameRange     '2.1.0',
385 silly addNameRange     '2.1.1' ] ]
386 silly addNamed split2@2.1.1
387 verbose addNamed "2.1.1" is a plain semver version for split2
388 silly cache afterAdd split2@2.1.1
389 verbose afterAdd /home/hilary/.npm/split2/2.1.1/package/package.json not in flight; writing
390 verbose correctMkdir /home/hilary/.npm correctMkdir not in flight; initializing
391 verbose afterAdd /home/hilary/.npm/split2/2.1.1/package/package.json written
392 http 304 https://registry.npmjs.org/json-stringify-safe
393 verbose headers { date: 'Wed, 18 Jan 2017 08:18:25 GMT',
393 verbose headers   via: '1.1 varnish',
393 verbose headers   'cache-control': 'max-age=300',
393 verbose headers   etag: 'W/"585f16c4-1c4b"',
393 verbose headers   age: '159',
393 verbose headers   connection: 'keep-alive',
393 verbose headers   'x-served-by': 'cache-fjr7922-FJR',
393 verbose headers   'x-cache': 'HIT',
393 verbose headers   'x-cache-hits': '2',
393 verbose headers   'x-timer': 'S1484727505.498736,VS0,VE0',
393 verbose headers   vary: 'Accept-Encoding' }
394 silly get cb [ 304,
394 silly get   { date: 'Wed, 18 Jan 2017 08:18:25 GMT',
394 silly get     via: '1.1 varnish',
394 silly get     'cache-control': 'max-age=300',
394 silly get     etag: 'W/"585f16c4-1c4b"',
394 silly get     age: '159',
394 silly get     connection: 'keep-alive',
394 silly get     'x-served-by': 'cache-fjr7922-FJR',
394 silly get     'x-cache': 'HIT',
394 silly get     'x-cache-hits': '2',
394 silly get     'x-timer': 'S1484727505.498736,VS0,VE0',
394 silly get     vary: 'Accept-Encoding' } ]
395 verbose etag https://registry.npmjs.org/json-stringify-safe from cache
396 verbose get saving json-stringify-safe to /home/hilary/.npm/registry.npmjs.org/json-stringify-safe/.cache.json
397 verbose correctMkdir /home/hilary/.npm correctMkdir not in flight; initializing
398 silly resolveWithNewModule json-stringify-safe@5.0.1 checking installable status
399 silly cache add args [ 'json-stringify-safe@^5.0.1', null ]
400 verbose cache add spec json-stringify-safe@^5.0.1
401 silly cache add parsed spec Result {
401 silly cache add   raw: 'json-stringify-safe@^5.0.1',
401 silly cache add   scope: null,
401 silly cache add   escapedName: 'json-stringify-safe',
401 silly cache add   name: 'json-stringify-safe',
401 silly cache add   rawSpec: '^5.0.1',
401 silly cache add   spec: '>=5.0.1 <6.0.0',
401 silly cache add   type: 'range' }
402 silly addNamed json-stringify-safe@>=5.0.1 <6.0.0
403 verbose addNamed ">=5.0.1 <6.0.0" is a valid semver range for json-stringify-safe
404 silly addNameRange { name: 'json-stringify-safe',
404 silly addNameRange   range: '>=5.0.1 <6.0.0',
404 silly addNameRange   hasData: false }
405 silly mapToRegistry name json-stringify-safe
406 silly mapToRegistry using default registry
407 silly mapToRegistry registry https://registry.npmjs.org/
408 silly mapToRegistry data Result {
408 silly mapToRegistry   raw: 'json-stringify-safe',
408 silly mapToRegistry   scope: null,
408 silly mapToRegistry   escapedName: 'json-stringify-safe',
408 silly mapToRegistry   name: 'json-stringify-safe',
408 silly mapToRegistry   rawSpec: '',
408 silly mapToRegistry   spec: 'latest',
408 silly mapToRegistry   type: 'tag' }
409 silly mapToRegistry uri https://registry.npmjs.org/json-stringify-safe
410 verbose addNameRange registry:https://registry.npmjs.org/json-stringify-safe not in flight; fetching
411 verbose get https://registry.npmjs.org/json-stringify-safe not expired, no request
412 silly addNameRange number 2 { name: 'json-stringify-safe',
412 silly addNameRange   range: '>=5.0.1 <6.0.0',
412 silly addNameRange   hasData: true }
413 silly addNameRange versions [ 'json-stringify-safe',
413 silly addNameRange   [ '2.0.0', '3.0.0', '4.0.0', '5.0.0', '5.0.1' ] ]
414 silly addNamed json-stringify-safe@5.0.1
415 verbose addNamed "5.0.1" is a plain semver version for json-stringify-safe
416 silly cache afterAdd json-stringify-safe@5.0.1
417 verbose afterAdd /home/hilary/.npm/json-stringify-safe/5.0.1/package/package.json not in flight; writing
418 verbose correctMkdir /home/hilary/.npm correctMkdir not in flight; initializing
419 verbose afterAdd /home/hilary/.npm/json-stringify-safe/5.0.1/package/package.json written
420 silly fetchNamedPackageData readable-stream
421 silly mapToRegistry name readable-stream
422 silly mapToRegistry using default registry
423 silly mapToRegistry registry https://registry.npmjs.org/
424 silly mapToRegistry data Result {
424 silly mapToRegistry   raw: 'readable-stream',
424 silly mapToRegistry   scope: null,
424 silly mapToRegistry   escapedName: 'readable-stream',
424 silly mapToRegistry   name: 'readable-stream',
424 silly mapToRegistry   rawSpec: '',
424 silly mapToRegistry   spec: 'latest',
424 silly mapToRegistry   type: 'tag' }
425 silly mapToRegistry uri https://registry.npmjs.org/readable-stream
426 silly fetchNamedPackageData xtend
427 silly mapToRegistry name xtend
428 silly mapToRegistry using default registry
429 silly mapToRegistry registry https://registry.npmjs.org/
430 silly mapToRegistry data Result {
430 silly mapToRegistry   raw: 'xtend',
430 silly mapToRegistry   scope: null,
430 silly mapToRegistry   escapedName: 'xtend',
430 silly mapToRegistry   name: 'xtend',
430 silly mapToRegistry   rawSpec: '',
430 silly mapToRegistry   spec: 'latest',
430 silly mapToRegistry   type: 'tag' }
431 silly mapToRegistry uri https://registry.npmjs.org/xtend
432 verbose request uri https://registry.npmjs.org/readable-stream
433 verbose request no auth needed
434 info attempt registry request try #1 at 11:18:25 AM
435 verbose etag W/"58343e6a-12397"
436 verbose lastModified Tue, 22 Nov 2016 12:47:38 GMT
437 http request GET https://registry.npmjs.org/readable-stream
438 verbose request uri https://registry.npmjs.org/xtend
439 verbose request no auth needed
440 info attempt registry request try #1 at 11:18:25 AM
441 verbose etag W/"58633812-51d1"
442 verbose lastModified Wed, 28 Dec 2016 03:57:06 GMT
443 http request GET https://registry.npmjs.org/xtend
444 http 304 https://registry.npmjs.org/readable-stream
445 verbose headers { date: 'Wed, 18 Jan 2017 08:18:25 GMT',
445 verbose headers   via: '1.1 varnish',
445 verbose headers   'cache-control': 'max-age=300',
445 verbose headers   etag: 'W/"58343e6a-12397"',
445 verbose headers   age: '4',
445 verbose headers   connection: 'keep-alive',
445 verbose headers   'x-served-by': 'cache-fjr7922-FJR',
445 verbose headers   'x-cache': 'HIT',
445 verbose headers   'x-cache-hits': '115',
445 verbose headers   'x-timer': 'S1484727505.663912,VS0,VE0',
445 verbose headers   vary: 'Accept-Encoding' }
446 silly get cb [ 304,
446 silly get   { date: 'Wed, 18 Jan 2017 08:18:25 GMT',
446 silly get     via: '1.1 varnish',
446 silly get     'cache-control': 'max-age=300',
446 silly get     etag: 'W/"58343e6a-12397"',
446 silly get     age: '4',
446 silly get     connection: 'keep-alive',
446 silly get     'x-served-by': 'cache-fjr7922-FJR',
446 silly get     'x-cache': 'HIT',
446 silly get     'x-cache-hits': '115',
446 silly get     'x-timer': 'S1484727505.663912,VS0,VE0',
446 silly get     vary: 'Accept-Encoding' } ]
447 verbose etag https://registry.npmjs.org/readable-stream from cache
448 verbose get saving readable-stream to /home/hilary/.npm/registry.npmjs.org/readable-stream/.cache.json
449 verbose correctMkdir /home/hilary/.npm correctMkdir not in flight; initializing
450 http 304 https://registry.npmjs.org/xtend
451 verbose headers { date: 'Wed, 18 Jan 2017 08:18:25 GMT',
451 verbose headers   via: '1.1 varnish',
451 verbose headers   'cache-control': 'max-age=300',
451 verbose headers   etag: 'W/"58633812-51d1"',
451 verbose headers   age: '165',
451 verbose headers   connection: 'keep-alive',
451 verbose headers   'x-served-by': 'cache-fjr7922-FJR',
451 verbose headers   'x-cache': 'HIT',
451 verbose headers   'x-cache-hits': '5',
451 verbose headers   'x-timer': 'S1484727505.667029,VS0,VE0',
451 verbose headers   vary: 'Accept-Encoding' }
452 silly get cb [ 304,
452 silly get   { date: 'Wed, 18 Jan 2017 08:18:25 GMT',
452 silly get     via: '1.1 varnish',
452 silly get     'cache-control': 'max-age=300',
452 silly get     etag: 'W/"58633812-51d1"',
452 silly get     age: '165',
452 silly get     connection: 'keep-alive',
452 silly get     'x-served-by': 'cache-fjr7922-FJR',
452 silly get     'x-cache': 'HIT',
452 silly get     'x-cache-hits': '5',
452 silly get     'x-timer': 'S1484727505.667029,VS0,VE0',
452 silly get     vary: 'Accept-Encoding' } ]
453 verbose etag https://registry.npmjs.org/xtend from cache
454 verbose get saving xtend to /home/hilary/.npm/registry.npmjs.org/xtend/.cache.json
455 verbose correctMkdir /home/hilary/.npm correctMkdir not in flight; initializing
456 silly resolveWithNewModule readable-stream@2.2.2 checking installable status
457 silly cache add args [ 'readable-stream@^2.1.5', null ]
458 verbose cache add spec readable-stream@^2.1.5
459 silly cache add parsed spec Result {
459 silly cache add   raw: 'readable-stream@^2.1.5',
459 silly cache add   scope: null,
459 silly cache add   escapedName: 'readable-stream',
459 silly cache add   name: 'readable-stream',
459 silly cache add   rawSpec: '^2.1.5',
459 silly cache add   spec: '>=2.1.5 <3.0.0',
459 silly cache add   type: 'range' }
460 silly addNamed readable-stream@>=2.1.5 <3.0.0
461 verbose addNamed ">=2.1.5 <3.0.0" is a valid semver range for readable-stream
462 silly addNameRange { name: 'readable-stream',
462 silly addNameRange   range: '>=2.1.5 <3.0.0',
462 silly addNameRange   hasData: false }
463 silly mapToRegistry name readable-stream
464 silly mapToRegistry using default registry
465 silly mapToRegistry registry https://registry.npmjs.org/
466 silly mapToRegistry data Result {
466 silly mapToRegistry   raw: 'readable-stream',
466 silly mapToRegistry   scope: null,
466 silly mapToRegistry   escapedName: 'readable-stream',
466 silly mapToRegistry   name: 'readable-stream',
466 silly mapToRegistry   rawSpec: '',
466 silly mapToRegistry   spec: 'latest',
466 silly mapToRegistry   type: 'tag' }
467 silly mapToRegistry uri https://registry.npmjs.org/readable-stream
468 verbose addNameRange registry:https://registry.npmjs.org/readable-stream not in flight; fetching
469 verbose get https://registry.npmjs.org/readable-stream not expired, no request
470 silly addNameRange number 2 { name: 'readable-stream',
470 silly addNameRange   range: '>=2.1.5 <3.0.0',
470 silly addNameRange   hasData: true }
471 silly addNameRange versions [ 'readable-stream',
471 silly addNameRange   [ '0.0.1',
471 silly addNameRange     '0.0.2',
471 silly addNameRange     '0.0.3',
471 silly addNameRange     '0.0.4',
471 silly addNameRange     '0.1.0',
471 silly addNameRange     '0.2.0',
471 silly addNameRange     '0.3.0',
471 silly addNameRange     '0.3.1',
471 silly addNameRange     '1.0.0',
471 silly addNameRange     '1.0.1',
471 silly addNameRange     '1.0.2',
471 silly addNameRange     '1.0.15',
471 silly addNameRange     '1.0.17',
471 silly addNameRange     '1.1.7',
471 silly addNameRange     '1.1.8',
471 silly addNameRange     '1.1.9',
471 silly addNameRange     '1.0.24',
471 silly addNameRange     '1.0.25',
471 silly addNameRange     '1.1.10',
471 silly addNameRange     '1.0.25-1',
471 silly addNameRange     '1.1.11',
471 silly addNameRange     '1.0.26',
471 silly addNameRange     '1.0.26-1',
471 silly addNameRange     '1.1.11-1',
471 silly addNameRange     '1.0.26-2',
471 silly addNameRange     '1.1.12',
471 silly addNameRange     '1.0.26-3',
471 silly addNameRange     '1.0.26-4',
471 silly addNameRange     '1.1.12-1',
471 silly addNameRange     '1.0.27-1',
471 silly addNameRange     '1.1.13-1',
471 silly addNameRange     '1.0.31',
471 silly addNameRange     '1.1.13',
471 silly addNameRange     '1.0.32',
471 silly addNameRange     '1.0.32-1',
471 silly addNameRange     '1.0.33-1',
471 silly addNameRange     '1.0.33-2',
471 silly addNameRange     '1.0.33',
471 silly addNameRange     '2.0.0',
471 silly addNameRange     '2.0.1',
471 silly addNameRange     '2.0.2',
471 silly addNameRange     '2.0.3',
471 silly addNameRange     '2.0.4',
471 silly addNameRange     '2.0.5',
471 silly addNameRange     '2.0.6',
471 silly addNameRange     '1.0.34',
471 silly addNameRange     '1.1.14',
471 silly addNameRange     '2.1.0',
471 silly addNameRange     '2.1.1',
471 silly addNameRange     '2.1.2',
471 silly addNameRange     '2.1.3',
471 silly addNameRange     '2.1.4',
471 silly addNameRange     '2.1.5',
471 silly addNameRange     '2.2.0',
471 silly addNameRange     '2.2.1',
471 silly addNameRange     '2.2.2' ] ]
472 silly addNamed readable-stream@2.2.2
473 verbose addNamed "2.2.2" is a plain semver version for readable-stream
474 silly resolveWithNewModule xtend@4.0.1 checking installable status
475 silly cache add args [ 'xtend@~4.0.1', null ]
476 verbose cache add spec xtend@~4.0.1
477 silly cache add parsed spec Result {
477 silly cache add   raw: 'xtend@~4.0.1',
477 silly cache add   scope: null,
477 silly cache add   escapedName: 'xtend',
477 silly cache add   name: 'xtend',
477 silly cache add   rawSpec: '~4.0.1',
477 silly cache add   spec: '>=4.0.1 <4.1.0',
477 silly cache add   type: 'range' }
478 silly addNamed xtend@>=4.0.1 <4.1.0
479 verbose addNamed ">=4.0.1 <4.1.0" is a valid semver range for xtend
480 silly addNameRange { name: 'xtend', range: '>=4.0.1 <4.1.0', hasData: false }
481 silly mapToRegistry name xtend
482 silly mapToRegistry using default registry
483 silly mapToRegistry registry https://registry.npmjs.org/
484 silly mapToRegistry data Result {
484 silly mapToRegistry   raw: 'xtend',
484 silly mapToRegistry   scope: null,
484 silly mapToRegistry   escapedName: 'xtend',
484 silly mapToRegistry   name: 'xtend',
484 silly mapToRegistry   rawSpec: '',
484 silly mapToRegistry   spec: 'latest',
484 silly mapToRegistry   type: 'tag' }
485 silly mapToRegistry uri https://registry.npmjs.org/xtend
486 verbose addNameRange registry:https://registry.npmjs.org/xtend not in flight; fetching
487 silly cache afterAdd readable-stream@2.2.2
488 verbose afterAdd /home/hilary/.npm/readable-stream/2.2.2/package/package.json not in flight; writing
489 verbose correctMkdir /home/hilary/.npm correctMkdir not in flight; initializing
490 verbose get https://registry.npmjs.org/xtend not expired, no request
491 silly addNameRange number 2 { name: 'xtend', range: '>=4.0.1 <4.1.0', hasData: true }
492 silly addNameRange versions [ 'xtend',
492 silly addNameRange   [ '1.0.0',
492 silly addNameRange     '1.0.1',
492 silly addNameRange     '1.0.2',
492 silly addNameRange     '1.0.3',
492 silly addNameRange     '2.0.1',
492 silly addNameRange     '2.0.2',
492 silly addNameRange     '2.0.3',
492 silly addNameRange     '2.0.4',
492 silly addNameRange     '2.0.5',
492 silly addNameRange     '2.0.6',
492 silly addNameRange     '2.1.1',
492 silly addNameRange     '2.1.2',
492 silly addNameRange     '2.2.0',
492 silly addNameRange     '3.0.0',
492 silly addNameRange     '4.0.0',
492 silly addNameRange     '4.0.1' ] ]
493 silly addNamed xtend@4.0.1
494 verbose addNamed "4.0.1" is a plain semver version for xtend
495 verbose afterAdd /home/hilary/.npm/readable-stream/2.2.2/package/package.json written
496 silly cache afterAdd xtend@4.0.1
497 verbose afterAdd /home/hilary/.npm/xtend/4.0.1/package/package.json not in flight; writing
498 verbose correctMkdir /home/hilary/.npm correctMkdir not in flight; initializing
499 verbose afterAdd /home/hilary/.npm/xtend/4.0.1/package/package.json written
500 silly fetchNamedPackageData buffer-shims
501 silly mapToRegistry name buffer-shims
502 silly mapToRegistry using default registry
503 silly mapToRegistry registry https://registry.npmjs.org/
504 silly mapToRegistry data Result {
504 silly mapToRegistry   raw: 'buffer-shims',
504 silly mapToRegistry   scope: null,
504 silly mapToRegistry   escapedName: 'buffer-shims',
504 silly mapToRegistry   name: 'buffer-shims',
504 silly mapToRegistry   rawSpec: '',
504 silly mapToRegistry   spec: 'latest',
504 silly mapToRegistry   type: 'tag' }
505 silly mapToRegistry uri https://registry.npmjs.org/buffer-shims
506 silly fetchNamedPackageData core-util-is
507 silly mapToRegistry name core-util-is
508 silly mapToRegistry using default registry
509 silly mapToRegistry registry https://registry.npmjs.org/
510 silly mapToRegistry data Result {
510 silly mapToRegistry   raw: 'core-util-is',
510 silly mapToRegistry   scope: null,
510 silly mapToRegistry   escapedName: 'core-util-is',
510 silly mapToRegistry   name: 'core-util-is',
510 silly mapToRegistry   rawSpec: '',
510 silly mapToRegistry   spec: 'latest',
510 silly mapToRegistry   type: 'tag' }
511 silly mapToRegistry uri https://registry.npmjs.org/core-util-is
512 silly fetchNamedPackageData isarray
513 silly mapToRegistry name isarray
514 silly mapToRegistry using default registry
515 silly mapToRegistry registry https://registry.npmjs.org/
516 silly mapToRegistry data Result {
516 silly mapToRegistry   raw: 'isarray',
516 silly mapToRegistry   scope: null,
516 silly mapToRegistry   escapedName: 'isarray',
516 silly mapToRegistry   name: 'isarray',
516 silly mapToRegistry   rawSpec: '',
516 silly mapToRegistry   spec: 'latest',
516 silly mapToRegistry   type: 'tag' }
517 silly mapToRegistry uri https://registry.npmjs.org/isarray
518 silly fetchNamedPackageData inherits
519 silly mapToRegistry name inherits
520 silly mapToRegistry using default registry
521 silly mapToRegistry registry https://registry.npmjs.org/
522 silly mapToRegistry data Result {
522 silly mapToRegistry   raw: 'inherits',
522 silly mapToRegistry   scope: null,
522 silly mapToRegistry   escapedName: 'inherits',
522 silly mapToRegistry   name: 'inherits',
522 silly mapToRegistry   rawSpec: '',
522 silly mapToRegistry   spec: 'latest',
522 silly mapToRegistry   type: 'tag' }
523 silly mapToRegistry uri https://registry.npmjs.org/inherits
524 silly fetchNamedPackageData process-nextick-args
525 silly mapToRegistry name process-nextick-args
526 silly mapToRegistry using default registry
527 silly mapToRegistry registry https://registry.npmjs.org/
528 silly mapToRegistry data Result {
528 silly mapToRegistry   raw: 'process-nextick-args',
528 silly mapToRegistry   scope: null,
528 silly mapToRegistry   escapedName: 'process-nextick-args',
528 silly mapToRegistry   name: 'process-nextick-args',
528 silly mapToRegistry   rawSpec: '',
528 silly mapToRegistry   spec: 'latest',
528 silly mapToRegistry   type: 'tag' }
529 silly mapToRegistry uri https://registry.npmjs.org/process-nextick-args
530 silly fetchNamedPackageData string_decoder
531 silly mapToRegistry name string_decoder
532 silly mapToRegistry using default registry
533 silly mapToRegistry registry https://registry.npmjs.org/
534 silly mapToRegistry data Result {
534 silly mapToRegistry   raw: 'string_decoder',
534 silly mapToRegistry   scope: null,
534 silly mapToRegistry   escapedName: 'string_decoder',
534 silly mapToRegistry   name: 'string_decoder',
534 silly mapToRegistry   rawSpec: '',
534 silly mapToRegistry   spec: 'latest',
534 silly mapToRegistry   type: 'tag' }
535 silly mapToRegistry uri https://registry.npmjs.org/string_decoder
536 silly fetchNamedPackageData util-deprecate
537 silly mapToRegistry name util-deprecate
538 silly mapToRegistry using default registry
539 silly mapToRegistry registry https://registry.npmjs.org/
540 silly mapToRegistry data Result {
540 silly mapToRegistry   raw: 'util-deprecate',
540 silly mapToRegistry   scope: null,
540 silly mapToRegistry   escapedName: 'util-deprecate',
540 silly mapToRegistry   name: 'util-deprecate',
540 silly mapToRegistry   rawSpec: '',
540 silly mapToRegistry   spec: 'latest',
540 silly mapToRegistry   type: 'tag' }
541 silly mapToRegistry uri https://registry.npmjs.org/util-deprecate
542 verbose request uri https://registry.npmjs.org/buffer-shims
543 verbose request no auth needed
544 info attempt registry request try #1 at 11:18:25 AM
545 verbose etag W/"572ce87b-833"
546 verbose lastModified Fri, 06 May 2016 18:54:51 GMT
547 http request GET https://registry.npmjs.org/buffer-shims
548 verbose request uri https://registry.npmjs.org/isarray
549 verbose request no auth needed
550 info attempt registry request try #1 at 11:18:25 AM
551 verbose etag W/"5818d2eb-226a"
552 verbose lastModified Tue, 01 Nov 2016 17:37:47 GMT
553 http request GET https://registry.npmjs.org/isarray
554 verbose request uri https://registry.npmjs.org/process-nextick-args
555 verbose request no auth needed
556 info attempt registry request try #1 at 11:18:25 AM
557 verbose etag W/"5818d8b9-247f"
558 verbose lastModified Tue, 01 Nov 2016 18:02:33 GMT
559 http request GET https://registry.npmjs.org/process-nextick-args
560 verbose request uri https://registry.npmjs.org/util-deprecate
561 verbose request no auth needed
562 info attempt registry request try #1 at 11:18:25 AM
563 verbose etag W/"5818e34b-16d9"
564 verbose lastModified Tue, 01 Nov 2016 18:47:39 GMT
565 http request GET https://registry.npmjs.org/util-deprecate
566 verbose request uri https://registry.npmjs.org/inherits
567 verbose request no auth needed
568 info attempt registry request try #1 at 11:18:25 AM
569 verbose etag W/"584f5bc9-222c"
570 verbose lastModified Tue, 13 Dec 2016 02:24:09 GMT
571 http request GET https://registry.npmjs.org/inherits
572 verbose request uri https://registry.npmjs.org/string_decoder
573 verbose request no auth needed
574 info attempt registry request try #1 at 11:18:25 AM
575 verbose etag W/"5818e188-2287"
576 verbose lastModified Tue, 01 Nov 2016 18:40:08 GMT
577 http request GET https://registry.npmjs.org/string_decoder
578 verbose request uri https://registry.npmjs.org/core-util-is
579 verbose request no auth needed
580 info attempt registry request try #1 at 11:18:25 AM
581 verbose etag W/"564e6b4d-ea6"
582 verbose lastModified Fri, 20 Nov 2015 00:37:33 GMT
583 http request GET https://registry.npmjs.org/core-util-is
584 http 304 https://registry.npmjs.org/buffer-shims
585 verbose headers { date: 'Wed, 18 Jan 2017 08:18:25 GMT',
585 verbose headers   via: '1.1 varnish',
585 verbose headers   'cache-control': 'max-age=300',
585 verbose headers   etag: 'W/"572ce87b-833"',
585 verbose headers   age: '254',
585 verbose headers   connection: 'keep-alive',
585 verbose headers   'x-served-by': 'cache-fjr7920-FJR',
585 verbose headers   'x-cache': 'HIT',
585 verbose headers   'x-cache-hits': '1',
585 verbose headers   'x-timer': 'S1484727505.893037,VS0,VE0',
585 verbose headers   vary: 'Accept-Encoding' }
586 silly get cb [ 304,
586 silly get   { date: 'Wed, 18 Jan 2017 08:18:25 GMT',
586 silly get     via: '1.1 varnish',
586 silly get     'cache-control': 'max-age=300',
586 silly get     etag: 'W/"572ce87b-833"',
586 silly get     age: '254',
586 silly get     connection: 'keep-alive',
586 silly get     'x-served-by': 'cache-fjr7920-FJR',
586 silly get     'x-cache': 'HIT',
586 silly get     'x-cache-hits': '1',
586 silly get     'x-timer': 'S1484727505.893037,VS0,VE0',
586 silly get     vary: 'Accept-Encoding' } ]
587 verbose etag https://registry.npmjs.org/buffer-shims from cache
588 verbose get saving buffer-shims to /home/hilary/.npm/registry.npmjs.org/buffer-shims/.cache.json
589 verbose correctMkdir /home/hilary/.npm correctMkdir not in flight; initializing
590 http 304 https://registry.npmjs.org/isarray
591 verbose headers { date: 'Wed, 18 Jan 2017 08:18:25 GMT',
591 verbose headers   via: '1.1 varnish',
591 verbose headers   'cache-control': 'max-age=300',
591 verbose headers   etag: 'W/"5818d2eb-226a"',
591 verbose headers   age: '4',
591 verbose headers   connection: 'keep-alive',
591 verbose headers   'x-served-by': 'cache-fjr7922-FJR',
591 verbose headers   'x-cache': 'HIT',
591 verbose headers   'x-cache-hits': '31',
591 verbose headers   'x-timer': 'S1484727505.895435,VS0,VE0',
591 verbose headers   vary: 'Accept-Encoding' }
592 silly get cb [ 304,
592 silly get   { date: 'Wed, 18 Jan 2017 08:18:25 GMT',
592 silly get     via: '1.1 varnish',
592 silly get     'cache-control': 'max-age=300',
592 silly get     etag: 'W/"5818d2eb-226a"',
592 silly get     age: '4',
592 silly get     connection: 'keep-alive',
592 silly get     'x-served-by': 'cache-fjr7922-FJR',
592 silly get     'x-cache': 'HIT',
592 silly get     'x-cache-hits': '31',
592 silly get     'x-timer': 'S1484727505.895435,VS0,VE0',
592 silly get     vary: 'Accept-Encoding' } ]
593 verbose etag https://registry.npmjs.org/isarray from cache
594 verbose get saving isarray to /home/hilary/.npm/registry.npmjs.org/isarray/.cache.json
595 verbose correctMkdir /home/hilary/.npm correctMkdir not in flight; initializing
596 http 304 https://registry.npmjs.org/process-nextick-args
597 verbose headers { date: 'Wed, 18 Jan 2017 08:18:25 GMT',
597 verbose headers   via: '1.1 varnish',
597 verbose headers   'cache-control': 'max-age=300',
597 verbose headers   etag: 'W/"5818d8b9-247f"',
597 verbose headers   age: '165',
597 verbose headers   connection: 'keep-alive',
597 verbose headers   'x-served-by': 'cache-fjr7922-FJR',
597 verbose headers   'x-cache': 'HIT',
597 verbose headers   'x-cache-hits': '3',
597 verbose headers   'x-timer': 'S1484727505.895516,VS0,VE0',
597 verbose headers   vary: 'Accept-Encoding' }
598 silly get cb [ 304,
598 silly get   { date: 'Wed, 18 Jan 2017 08:18:25 GMT',
598 silly get     via: '1.1 varnish',
598 silly get     'cache-control': 'max-age=300',
598 silly get     etag: 'W/"5818d8b9-247f"',
598 silly get     age: '165',
598 silly get     connection: 'keep-alive',
598 silly get     'x-served-by': 'cache-fjr7922-FJR',
598 silly get     'x-cache': 'HIT',
598 silly get     'x-cache-hits': '3',
598 silly get     'x-timer': 'S1484727505.895516,VS0,VE0',
598 silly get     vary: 'Accept-Encoding' } ]
599 verbose etag https://registry.npmjs.org/process-nextick-args from cache
600 verbose get saving process-nextick-args to /home/hilary/.npm/registry.npmjs.org/process-nextick-args/.cache.json
601 verbose correctMkdir /home/hilary/.npm correctMkdir not in flight; initializing
602 http 304 https://registry.npmjs.org/util-deprecate
603 verbose headers { date: 'Wed, 18 Jan 2017 08:18:25 GMT',
603 verbose headers   via: '1.1 varnish',
603 verbose headers   'cache-control': 'max-age=300',
603 verbose headers   etag: 'W/"5818e34b-16d9"',
603 verbose headers   age: '254',
603 verbose headers   connection: 'keep-alive',
603 verbose headers   'x-served-by': 'cache-fjr7922-FJR',
603 verbose headers   'x-cache': 'HIT',
603 verbose headers   'x-cache-hits': '33',
603 verbose headers   'x-timer': 'S1484727505.895475,VS0,VE0',
603 verbose headers   vary: 'Accept-Encoding' }
604 silly get cb [ 304,
604 silly get   { date: 'Wed, 18 Jan 2017 08:18:25 GMT',
604 silly get     via: '1.1 varnish',
604 silly get     'cache-control': 'max-age=300',
604 silly get     etag: 'W/"5818e34b-16d9"',
604 silly get     age: '254',
604 silly get     connection: 'keep-alive',
604 silly get     'x-served-by': 'cache-fjr7922-FJR',
604 silly get     'x-cache': 'HIT',
604 silly get     'x-cache-hits': '33',
604 silly get     'x-timer': 'S1484727505.895475,VS0,VE0',
604 silly get     vary: 'Accept-Encoding' } ]
605 verbose etag https://registry.npmjs.org/util-deprecate from cache
606 verbose get saving util-deprecate to /home/hilary/.npm/registry.npmjs.org/util-deprecate/.cache.json
607 verbose correctMkdir /home/hilary/.npm correctMkdir not in flight; initializing
608 silly resolveWithNewModule isarray@1.0.0 checking installable status
609 silly cache add args [ 'isarray@~1.0.0', null ]
610 verbose cache add spec isarray@~1.0.0
611 silly cache add parsed spec Result {
611 silly cache add   raw: 'isarray@~1.0.0',
611 silly cache add   scope: null,
611 silly cache add   escapedName: 'isarray',
611 silly cache add   name: 'isarray',
611 silly cache add   rawSpec: '~1.0.0',
611 silly cache add   spec: '>=1.0.0 <1.1.0',
611 silly cache add   type: 'range' }
612 silly addNamed isarray@>=1.0.0 <1.1.0
613 verbose addNamed ">=1.0.0 <1.1.0" is a valid semver range for isarray
614 silly addNameRange { name: 'isarray', range: '>=1.0.0 <1.1.0', hasData: false }
615 silly mapToRegistry name isarray
616 silly mapToRegistry using default registry
617 silly mapToRegistry registry https://registry.npmjs.org/
618 silly mapToRegistry data Result {
618 silly mapToRegistry   raw: 'isarray',
618 silly mapToRegistry   scope: null,
618 silly mapToRegistry   escapedName: 'isarray',
618 silly mapToRegistry   name: 'isarray',
618 silly mapToRegistry   rawSpec: '',
618 silly mapToRegistry   spec: 'latest',
618 silly mapToRegistry   type: 'tag' }
619 silly mapToRegistry uri https://registry.npmjs.org/isarray
620 verbose addNameRange registry:https://registry.npmjs.org/isarray not in flight; fetching
621 silly resolveWithNewModule process-nextick-args@1.0.7 checking installable status
622 silly cache add args [ 'process-nextick-args@~1.0.6', null ]
623 verbose cache add spec process-nextick-args@~1.0.6
624 silly cache add parsed spec Result {
624 silly cache add   raw: 'process-nextick-args@~1.0.6',
624 silly cache add   scope: null,
624 silly cache add   escapedName: 'process-nextick-args',
624 silly cache add   name: 'process-nextick-args',
624 silly cache add   rawSpec: '~1.0.6',
624 silly cache add   spec: '>=1.0.6 <1.1.0',
624 silly cache add   type: 'range' }
625 silly addNamed process-nextick-args@>=1.0.6 <1.1.0
626 verbose addNamed ">=1.0.6 <1.1.0" is a valid semver range for process-nextick-args
627 silly addNameRange { name: 'process-nextick-args',
627 silly addNameRange   range: '>=1.0.6 <1.1.0',
627 silly addNameRange   hasData: false }
628 silly mapToRegistry name process-nextick-args
629 silly mapToRegistry using default registry
630 silly mapToRegistry registry https://registry.npmjs.org/
631 silly mapToRegistry data Result {
631 silly mapToRegistry   raw: 'process-nextick-args',
631 silly mapToRegistry   scope: null,
631 silly mapToRegistry   escapedName: 'process-nextick-args',
631 silly mapToRegistry   name: 'process-nextick-args',
631 silly mapToRegistry   rawSpec: '',
631 silly mapToRegistry   spec: 'latest',
631 silly mapToRegistry   type: 'tag' }
632 silly mapToRegistry uri https://registry.npmjs.org/process-nextick-args
633 verbose addNameRange registry:https://registry.npmjs.org/process-nextick-args not in flight; fetching
634 silly resolveWithNewModule util-deprecate@1.0.2 checking installable status
635 silly cache add args [ 'util-deprecate@~1.0.1', null ]
636 verbose cache add spec util-deprecate@~1.0.1
637 silly cache add parsed spec Result {
637 silly cache add   raw: 'util-deprecate@~1.0.1',
637 silly cache add   scope: null,
637 silly cache add   escapedName: 'util-deprecate',
637 silly cache add   name: 'util-deprecate',
637 silly cache add   rawSpec: '~1.0.1',
637 silly cache add   spec: '>=1.0.1 <1.1.0',
637 silly cache add   type: 'range' }
638 silly addNamed util-deprecate@>=1.0.1 <1.1.0
639 verbose addNamed ">=1.0.1 <1.1.0" is a valid semver range for util-deprecate
640 silly addNameRange { name: 'util-deprecate',
640 silly addNameRange   range: '>=1.0.1 <1.1.0',
640 silly addNameRange   hasData: false }
641 silly mapToRegistry name util-deprecate
642 silly mapToRegistry using default registry
643 silly mapToRegistry registry https://registry.npmjs.org/
644 silly mapToRegistry data Result {
644 silly mapToRegistry   raw: 'util-deprecate',
644 silly mapToRegistry   scope: null,
644 silly mapToRegistry   escapedName: 'util-deprecate',
644 silly mapToRegistry   name: 'util-deprecate',
644 silly mapToRegistry   rawSpec: '',
644 silly mapToRegistry   spec: 'latest',
644 silly mapToRegistry   type: 'tag' }
645 silly mapToRegistry uri https://registry.npmjs.org/util-deprecate
646 verbose addNameRange registry:https://registry.npmjs.org/util-deprecate not in flight; fetching
647 silly resolveWithNewModule buffer-shims@1.0.0 checking installable status
648 silly cache add args [ 'buffer-shims@^1.0.0', null ]
649 verbose cache add spec buffer-shims@^1.0.0
650 silly cache add parsed spec Result {
650 silly cache add   raw: 'buffer-shims@^1.0.0',
650 silly cache add   scope: null,
650 silly cache add   escapedName: 'buffer-shims',
650 silly cache add   name: 'buffer-shims',
650 silly cache add   rawSpec: '^1.0.0',
650 silly cache add   spec: '>=1.0.0 <2.0.0',
650 silly cache add   type: 'range' }
651 silly addNamed buffer-shims@>=1.0.0 <2.0.0
652 verbose addNamed ">=1.0.0 <2.0.0" is a valid semver range for buffer-shims
653 silly addNameRange { name: 'buffer-shims', range: '>=1.0.0 <2.0.0', hasData: false }
654 silly mapToRegistry name buffer-shims
655 silly mapToRegistry using default registry
656 silly mapToRegistry registry https://registry.npmjs.org/
657 silly mapToRegistry data Result {
657 silly mapToRegistry   raw: 'buffer-shims',
657 silly mapToRegistry   scope: null,
657 silly mapToRegistry   escapedName: 'buffer-shims',
657 silly mapToRegistry   name: 'buffer-shims',
657 silly mapToRegistry   rawSpec: '',
657 silly mapToRegistry   spec: 'latest',
657 silly mapToRegistry   type: 'tag' }
658 silly mapToRegistry uri https://registry.npmjs.org/buffer-shims
659 verbose addNameRange registry:https://registry.npmjs.org/buffer-shims not in flight; fetching
660 verbose get https://registry.npmjs.org/isarray not expired, no request
661 silly addNameRange number 2 { name: 'isarray', range: '>=1.0.0 <1.1.0', hasData: true }
662 silly addNameRange versions [ 'isarray', [ '0.0.0', '0.0.1', '1.0.0', '2.0.0', '2.0.1' ] ]
663 silly addNamed isarray@1.0.0
664 verbose addNamed "1.0.0" is a plain semver version for isarray
665 verbose get https://registry.npmjs.org/process-nextick-args not expired, no request
666 silly addNameRange number 2 { name: 'process-nextick-args',
666 silly addNameRange   range: '>=1.0.6 <1.1.0',
666 silly addNameRange   hasData: true }
667 silly addNameRange versions [ 'process-nextick-args',
667 silly addNameRange   [ '1.0.0',
667 silly addNameRange     '1.0.1',
667 silly addNameRange     '1.0.2',
667 silly addNameRange     '1.0.3',
667 silly addNameRange     '1.0.4',
667 silly addNameRange     '1.0.5',
667 silly addNameRange     '1.0.6',
667 silly addNameRange     '1.0.7' ] ]
668 silly addNamed process-nextick-args@1.0.7
669 verbose addNamed "1.0.7" is a plain semver version for process-nextick-args
670 verbose get https://registry.npmjs.org/util-deprecate not expired, no request
671 silly addNameRange number 2 { name: 'util-deprecate',
671 silly addNameRange   range: '>=1.0.1 <1.1.0',
671 silly addNameRange   hasData: true }
672 silly addNameRange versions [ 'util-deprecate', [ '1.0.0', '1.0.1', '1.0.2' ] ]
673 silly addNamed util-deprecate@1.0.2
674 verbose addNamed "1.0.2" is a plain semver version for util-deprecate
675 verbose get https://registry.npmjs.org/buffer-shims not expired, no request
676 silly addNameRange number 2 { name: 'buffer-shims', range: '>=1.0.0 <2.0.0', hasData: true }
677 silly addNameRange versions [ 'buffer-shims', [ '1.0.0' ] ]
678 silly addNamed buffer-shims@1.0.0
679 verbose addNamed "1.0.0" is a plain semver version for buffer-shims
680 silly cache afterAdd isarray@1.0.0
681 verbose afterAdd /home/hilary/.npm/isarray/1.0.0/package/package.json not in flight; writing
682 verbose correctMkdir /home/hilary/.npm correctMkdir not in flight; initializing
683 silly cache afterAdd process-nextick-args@1.0.7
684 verbose afterAdd /home/hilary/.npm/process-nextick-args/1.0.7/package/package.json not in flight; writing
685 verbose correctMkdir /home/hilary/.npm correctMkdir not in flight; initializing
686 silly cache afterAdd buffer-shims@1.0.0
687 verbose afterAdd /home/hilary/.npm/buffer-shims/1.0.0/package/package.json not in flight; writing
688 verbose correctMkdir /home/hilary/.npm correctMkdir not in flight; initializing
689 silly cache afterAdd util-deprecate@1.0.2
690 verbose afterAdd /home/hilary/.npm/util-deprecate/1.0.2/package/package.json not in flight; writing
691 verbose correctMkdir /home/hilary/.npm correctMkdir not in flight; initializing
692 verbose afterAdd /home/hilary/.npm/process-nextick-args/1.0.7/package/package.json written
693 verbose afterAdd /home/hilary/.npm/isarray/1.0.0/package/package.json written
694 verbose afterAdd /home/hilary/.npm/buffer-shims/1.0.0/package/package.json written
695 verbose afterAdd /home/hilary/.npm/util-deprecate/1.0.2/package/package.json written
696 http 304 https://registry.npmjs.org/string_decoder
697 verbose headers { date: 'Wed, 18 Jan 2017 08:18:26 GMT',
697 verbose headers   via: '1.1 varnish',
697 verbose headers   'cache-control': 'max-age=300',
697 verbose headers   etag: 'W/"5818e188-2287"',
697 verbose headers   age: '4',
697 verbose headers   connection: 'keep-alive',
697 verbose headers   'x-served-by': 'cache-fjr7923-FJR',
697 verbose headers   'x-cache': 'HIT',
697 verbose headers   'x-cache-hits': '1',
697 verbose headers   'x-timer': 'S1484727506.185905,VS0,VE0',
697 verbose headers   vary: 'Accept-Encoding' }
698 silly get cb [ 304,
698 silly get   { date: 'Wed, 18 Jan 2017 08:18:26 GMT',
698 silly get     via: '1.1 varnish',
698 silly get     'cache-control': 'max-age=300',
698 silly get     etag: 'W/"5818e188-2287"',
698 silly get     age: '4',
698 silly get     connection: 'keep-alive',
698 silly get     'x-served-by': 'cache-fjr7923-FJR',
698 silly get     'x-cache': 'HIT',
698 silly get     'x-cache-hits': '1',
698 silly get     'x-timer': 'S1484727506.185905,VS0,VE0',
698 silly get     vary: 'Accept-Encoding' } ]
699 verbose etag https://registry.npmjs.org/string_decoder from cache
700 verbose get saving string_decoder to /home/hilary/.npm/registry.npmjs.org/string_decoder/.cache.json
701 verbose correctMkdir /home/hilary/.npm correctMkdir not in flight; initializing
702 http 304 https://registry.npmjs.org/core-util-is
703 verbose headers { date: 'Wed, 18 Jan 2017 08:18:26 GMT',
703 verbose headers   via: '1.1 varnish',
703 verbose headers   'cache-control': 'max-age=300',
703 verbose headers   etag: 'W/"564e6b4d-ea6"',
703 verbose headers   age: '96',
703 verbose headers   connection: 'keep-alive',
703 verbose headers   'x-served-by': 'cache-fjr7920-FJR',
703 verbose headers   'x-cache': 'HIT',
703 verbose headers   'x-cache-hits': '2',
703 verbose headers   'x-timer': 'S1484727506.191573,VS0,VE0',
703 verbose headers   vary: 'Accept-Encoding' }
704 silly get cb [ 304,
704 silly get   { date: 'Wed, 18 Jan 2017 08:18:26 GMT',
704 silly get     via: '1.1 varnish',
704 silly get     'cache-control': 'max-age=300',
704 silly get     etag: 'W/"564e6b4d-ea6"',
704 silly get     age: '96',
704 silly get     connection: 'keep-alive',
704 silly get     'x-served-by': 'cache-fjr7920-FJR',
704 silly get     'x-cache': 'HIT',
704 silly get     'x-cache-hits': '2',
704 silly get     'x-timer': 'S1484727506.191573,VS0,VE0',
704 silly get     vary: 'Accept-Encoding' } ]
705 verbose etag https://registry.npmjs.org/core-util-is from cache
706 verbose get saving core-util-is to /home/hilary/.npm/registry.npmjs.org/core-util-is/.cache.json
707 verbose correctMkdir /home/hilary/.npm correctMkdir not in flight; initializing
708 http 304 https://registry.npmjs.org/inherits
709 verbose headers { date: 'Wed, 18 Jan 2017 08:18:26 GMT',
709 verbose headers   via: '1.1 varnish',
709 verbose headers   'cache-control': 'max-age=300',
709 verbose headers   etag: 'W/"584f5bc9-222c"',
709 verbose headers   age: '111',
709 verbose headers   connection: 'keep-alive',
709 verbose headers   'x-served-by': 'cache-fjr7920-FJR',
709 verbose headers   'x-cache': 'HIT',
709 verbose headers   'x-cache-hits': '4',
709 verbose headers   'x-timer': 'S1484727506.191207,VS0,VE0',
709 verbose headers   vary: 'Accept-Encoding' }
710 silly get cb [ 304,
710 silly get   { date: 'Wed, 18 Jan 2017 08:18:26 GMT',
710 silly get     via: '1.1 varnish',
710 silly get     'cache-control': 'max-age=300',
710 silly get     etag: 'W/"584f5bc9-222c"',
710 silly get     age: '111',
710 silly get     connection: 'keep-alive',
710 silly get     'x-served-by': 'cache-fjr7920-FJR',
710 silly get     'x-cache': 'HIT',
710 silly get     'x-cache-hits': '4',
710 silly get     'x-timer': 'S1484727506.191207,VS0,VE0',
710 silly get     vary: 'Accept-Encoding' } ]
711 verbose etag https://registry.npmjs.org/inherits from cache
712 verbose get saving inherits to /home/hilary/.npm/registry.npmjs.org/inherits/.cache.json
713 verbose correctMkdir /home/hilary/.npm correctMkdir not in flight; initializing
714 silly resolveWithNewModule string_decoder@0.10.31 checking installable status
715 silly cache add args [ 'string_decoder@~0.10.x', null ]
716 verbose cache add spec string_decoder@~0.10.x
717 silly cache add parsed spec Result {
717 silly cache add   raw: 'string_decoder@~0.10.x',
717 silly cache add   scope: null,
717 silly cache add   escapedName: 'string_decoder',
717 silly cache add   name: 'string_decoder',
717 silly cache add   rawSpec: '~0.10.x',
717 silly cache add   spec: '>=0.10.0 <0.11.0',
717 silly cache add   type: 'range' }
718 silly addNamed string_decoder@>=0.10.0 <0.11.0
719 verbose addNamed ">=0.10.0 <0.11.0" is a valid semver range for string_decoder
720 silly addNameRange { name: 'string_decoder',
720 silly addNameRange   range: '>=0.10.0 <0.11.0',
720 silly addNameRange   hasData: false }
721 silly mapToRegistry name string_decoder
722 silly mapToRegistry using default registry
723 silly mapToRegistry registry https://registry.npmjs.org/
724 silly mapToRegistry data Result {
724 silly mapToRegistry   raw: 'string_decoder',
724 silly mapToRegistry   scope: null,
724 silly mapToRegistry   escapedName: 'string_decoder',
724 silly mapToRegistry   name: 'string_decoder',
724 silly mapToRegistry   rawSpec: '',
724 silly mapToRegistry   spec: 'latest',
724 silly mapToRegistry   type: 'tag' }
725 silly mapToRegistry uri https://registry.npmjs.org/string_decoder
726 verbose addNameRange registry:https://registry.npmjs.org/string_decoder not in flight; fetching
727 silly resolveWithNewModule inherits@2.0.3 checking installable status
728 silly cache add args [ 'inherits@~2.0.1', null ]
729 verbose cache add spec inherits@~2.0.1
730 silly cache add parsed spec Result {
730 silly cache add   raw: 'inherits@~2.0.1',
730 silly cache add   scope: null,
730 silly cache add   escapedName: 'inherits',
730 silly cache add   name: 'inherits',
730 silly cache add   rawSpec: '~2.0.1',
730 silly cache add   spec: '>=2.0.1 <2.1.0',
730 silly cache add   type: 'range' }
731 silly addNamed inherits@>=2.0.1 <2.1.0
732 verbose addNamed ">=2.0.1 <2.1.0" is a valid semver range for inherits
733 silly addNameRange { name: 'inherits', range: '>=2.0.1 <2.1.0', hasData: false }
734 silly mapToRegistry name inherits
735 silly mapToRegistry using default registry
736 silly mapToRegistry registry https://registry.npmjs.org/
737 silly mapToRegistry data Result {
737 silly mapToRegistry   raw: 'inherits',
737 silly mapToRegistry   scope: null,
737 silly mapToRegistry   escapedName: 'inherits',
737 silly mapToRegistry   name: 'inherits',
737 silly mapToRegistry   rawSpec: '',
737 silly mapToRegistry   spec: 'latest',
737 silly mapToRegistry   type: 'tag' }
738 silly mapToRegistry uri https://registry.npmjs.org/inherits
739 verbose addNameRange registry:https://registry.npmjs.org/inherits not in flight; fetching
740 silly resolveWithNewModule core-util-is@1.0.2 checking installable status
741 silly cache add args [ 'core-util-is@~1.0.0', null ]
742 verbose cache add spec core-util-is@~1.0.0
743 silly cache add parsed spec Result {
743 silly cache add   raw: 'core-util-is@~1.0.0',
743 silly cache add   scope: null,
743 silly cache add   escapedName: 'core-util-is',
743 silly cache add   name: 'core-util-is',
743 silly cache add   rawSpec: '~1.0.0',
743 silly cache add   spec: '>=1.0.0 <1.1.0',
743 silly cache add   type: 'range' }
744 silly addNamed core-util-is@>=1.0.0 <1.1.0
745 verbose addNamed ">=1.0.0 <1.1.0" is a valid semver range for core-util-is
746 silly addNameRange { name: 'core-util-is', range: '>=1.0.0 <1.1.0', hasData: false }
747 silly mapToRegistry name core-util-is
748 silly mapToRegistry using default registry
749 silly mapToRegistry registry https://registry.npmjs.org/
750 silly mapToRegistry data Result {
750 silly mapToRegistry   raw: 'core-util-is',
750 silly mapToRegistry   scope: null,
750 silly mapToRegistry   escapedName: 'core-util-is',
750 silly mapToRegistry   name: 'core-util-is',
750 silly mapToRegistry   rawSpec: '',
750 silly mapToRegistry   spec: 'latest',
750 silly mapToRegistry   type: 'tag' }
751 silly mapToRegistry uri https://registry.npmjs.org/core-util-is
752 verbose addNameRange registry:https://registry.npmjs.org/core-util-is not in flight; fetching
753 verbose get https://registry.npmjs.org/string_decoder not expired, no request
754 silly addNameRange number 2 { name: 'string_decoder',
754 silly addNameRange   range: '>=0.10.0 <0.11.0',
754 silly addNameRange   hasData: true }
755 silly addNameRange versions [ 'string_decoder',
755 silly addNameRange   [ '0.0.0',
755 silly addNameRange     '0.0.1',
755 silly addNameRange     '0.10.24',
755 silly addNameRange     '0.11.10',
755 silly addNameRange     '0.10.25',
755 silly addNameRange     '0.11.10-1',
755 silly addNameRange     '0.10.25-1',
755 silly addNameRange     '0.10.31' ] ]
756 silly addNamed string_decoder@0.10.31
757 verbose addNamed "0.10.31" is a plain semver version for string_decoder
758 verbose get https://registry.npmjs.org/inherits not expired, no request
759 silly addNameRange number 2 { name: 'inherits', range: '>=2.0.1 <2.1.0', hasData: true }
760 silly addNameRange versions [ 'inherits',
760 silly addNameRange   [ '1.0.0', '2.0.0', '2.0.1', '1.0.1', '1.0.2', '2.0.3' ] ]
761 silly addNamed inherits@2.0.3
762 verbose addNamed "2.0.3" is a plain semver version for inherits
763 verbose get https://registry.npmjs.org/core-util-is not expired, no request
764 silly addNameRange number 2 { name: 'core-util-is', range: '>=1.0.0 <1.1.0', hasData: true }
765 silly addNameRange versions [ 'core-util-is', [ '1.0.0', '1.0.1', '1.0.2' ] ]
766 silly addNamed core-util-is@1.0.2
767 verbose addNamed "1.0.2" is a plain semver version for core-util-is
768 silly cache afterAdd string_decoder@0.10.31
769 verbose afterAdd /home/hilary/.npm/string_decoder/0.10.31/package/package.json not in flight; writing
770 verbose correctMkdir /home/hilary/.npm correctMkdir not in flight; initializing
771 silly cache afterAdd core-util-is@1.0.2
772 verbose afterAdd /home/hilary/.npm/core-util-is/1.0.2/package/package.json not in flight; writing
773 verbose correctMkdir /home/hilary/.npm correctMkdir not in flight; initializing
774 silly cache afterAdd inherits@2.0.3
775 verbose afterAdd /home/hilary/.npm/inherits/2.0.3/package/package.json not in flight; writing
776 verbose correctMkdir /home/hilary/.npm correctMkdir not in flight; initializing
777 verbose afterAdd /home/hilary/.npm/string_decoder/0.10.31/package/package.json written
778 verbose afterAdd /home/hilary/.npm/core-util-is/1.0.2/package/package.json written
779 verbose afterAdd /home/hilary/.npm/inherits/2.0.3/package/package.json written
780 silly loadAllDepsIntoIdealTree Finishing
781 silly loadIdealTree Finishing
782 silly currentTree lib
783 silly idealTree lib
783 silly idealTree  csv-write-stream@2.0.0
783 silly idealTree    argparse@1.0.9
783 silly idealTree    buffer-shims@1.0.0
783 silly idealTree    core-util-is@1.0.2
783 silly idealTree    generate-object-property@1.2.0
783 silly idealTree    inherits@2.0.3
783 silly idealTree    is-property@1.0.2
783 silly idealTree    isarray@1.0.0
783 silly idealTree    json-stringify-safe@5.0.1
783 silly idealTree    minimist@1.2.0
783 silly idealTree    ndjson@1.5.0
783 silly idealTree    process-nextick-args@1.0.7
783 silly idealTree    readable-stream@2.2.2
783 silly idealTree    split2@2.1.1
783 silly idealTree    sprintf-js@1.0.3
783 silly idealTree    string_decoder@0.10.31
783 silly idealTree    through2@2.0.3
783 silly idealTree    util-deprecate@1.0.2
783 silly idealTree    xtend@4.0.1
784 silly generateActionsToTake Starting
785 silly install generateActionsToTake
786 warn checkPermissions Missing write access to /usr/lib/node_modules
787 silly rollbackFailedOptional Starting
788 silly rollbackFailedOptional Finishing
789 silly runTopLevelLifecycles Finishing
790 silly install printInstalled
791 verbose stack Error: EACCES: permission denied, access '/usr/lib/node_modules'
791 verbose stack     at Error (native)
792 verbose cwd /home/hilary/Documents/node-projects
793 error Linux 4.4.0-59-generic
794 error argv "/usr/bin/nodejs" "/usr/bin/npm" "install" "-g" "csv-write-stream"
795 error node v6.8.1
796 error npm  v3.10.8
797 error path /usr/lib/node_modules
798 error code EACCES
799 error errno -13
800 error syscall access
801 error Error: EACCES: permission denied, access '/usr/lib/node_modules'
801 error     at Error (native)
801 error  { Error: EACCES: permission denied, access '/usr/lib/node_modules'
801 error     at Error (native)
801 error   errno: -13,
801 error   code: 'EACCES',
801 error   syscall: 'access',
801 error   path: '/usr/lib/node_modules' }
802 error Please try running this command again as root/Administrator.
803 verbose exit [ -13, true ]
